Arguments: 
  /opt/homebrew/Cellar/node/17.3.1/bin/node /opt/homebrew/Cellar/yarn/1.22.17_2/libexec/bin/yarn.js dev

PATH: 
  /opt/homebrew/bin:/Library/Frameworks/Python.framework/Versions/3.9/bin:/Library/Frameworks/Python.framework/Versions/3.10/bin:/usr/local/bin:/usr/bin:/bin:/usr/sbin:/sbin:/Users/janikschoenfelder/Library/Python/3.8/bin:/Library/TeX/texbin:/usr/local/MacGPG2/bin:/usr/local/opt/postgresql@9.5/bin:/Library/Frameworks/Python.framework/Versions/3.9/bin:/Library/Frameworks/Python.framework/Versions/3.10/bin

Yarn version: 
  1.22.17

Node version: 
  17.3.1

Platform: 
  darwin arm64

Trace: 
  Error: EACCES: permission denied, mkdir '/var/folders/1q'

npm manifest: 
  {
    "private": true,
    "engines": {
      "npm": ">=7",
      "node": ">=15"
    },
    "engineStrict": true,
    "scripts": {
      "build": "rollup -c",
      "dev": "rollup -c -w",
      "start": "sirv public -s",
      "validate": "svelte-check"
    },
    "devDependencies": {
      "@rollup/plugin-commonjs": "^16.0.0",
      "@rollup/plugin-json": "^4.1.0",
      "@rollup/plugin-node-resolve": "^10.0.0",
      "@rollup/plugin-replace": "^2.3.4",
      "@rollup/plugin-typescript": "^6.0.0",
      "@tsconfig/svelte": "^1.0.0",
      "@types/sanitize-html": "^1.27.0",
      "rollup": "^2.3.4",
      "rollup-plugin-css-only": "^3.0.0",
      "rollup-plugin-livereload": "^2.0.0",
      "rollup-plugin-svelte": "^7.0.0",
      "rollup-plugin-terser": "^7.0.0",
      "sirv-cli": "^1.0.0",
      "svelte": "^3.0.0",
      "svelte-check": "^1.0.0",
      "svelte-loading-spinners": "^0.1.7",
      "svelte-preprocess": "^4.0.0",
      "tslib": "^2.0.0",
      "typescript": "^3.9.3"
    },
    "dependencies": {
      "@beyonk/svelte-notifications": "^3.1.0",
      "axios": "^0.21.0",
      "change-case": "^4.1.2",
      "chart.js": "^2.9.4",
      "chartkick": "^3.2.1",
      "copy-to-clipboard": "^3.3.1",
      "dompurify": "^2.2.3",
      "jwt-decode": "^3.1.2",
      "svelte-ace": "1.0.10",
      "tinro": "^0.4.3",
      "vega": "^5.21.0",
      "vega-embed": "^6.20.5",
      "vega-lite": "^5.2.0"
    }
  }

yarn manifest: 
  No manifest

Lockfile: 
  # THIS IS AN AUTOGENERATED FILE. DO NOT EDIT THIS FILE DIRECTLY.
  # yarn lockfile v1
  
  
  "@babel/code-frame@^7.10.4":
    version "7.12.11"
    resolved "https://registry.npmjs.org/@babel/code-frame/-/code-frame-7.12.11.tgz"
    integrity sha512-Zt1yodBx1UcyiePMSkWnU4hPqhwq7hGi2nFL1LeA3EUl+q2LQx16MISgJ0+z7dnmgvP9QtIleuETGOiOH1RcIw==
    dependencies:
      "@babel/highlight" "^7.10.4"
  
  "@babel/helper-validator-identifier@^7.10.4":
    version "7.12.11"
    resolved "https://registry.npmjs.org/@babel/helper-validator-identifier/-/helper-validator-identifier-7.12.11.tgz"
    integrity sha512-np/lG3uARFybkoHokJUmf1QfEvRVCPbmQeUQpKow5cQ3xWrV9i3rUHodKDJPQfTVX61qKi+UdYk8kik84n7XOw==
  
  "@babel/highlight@^7.10.4":
    version "7.10.4"
    resolved "https://registry.npmjs.org/@babel/highlight/-/highlight-7.10.4.tgz"
    integrity sha512-i6rgnR/YgPEQzZZnbTHHuZdlE8qyoBNalD6F+q4vAFlcMEcqmkoG+mPqJYJCo63qPf74+Y1UZsl3l6f7/RIkmA==
    dependencies:
      "@babel/helper-validator-identifier" "^7.10.4"
      chalk "^2.0.0"
      js-tokens "^4.0.0"
  
  "@beyonk/svelte-notifications@^3.1.0":
    version "3.1.0"
    resolved "https://registry.npmjs.org/@beyonk/svelte-notifications/-/svelte-notifications-3.1.0.tgz"
    integrity sha512-r/BGCbSOsgo8bcJsDEdvVcQpes1K3UNPxS+oZm8zUIlIJkp/FU5ubc3GzacYqAXlknCvrij1IsMt1MA7qq6JTg==
  
  "@polka/url@^1.0.0-next.9":
    version "1.0.0-next.11"
    resolved "https://registry.npmjs.org/@polka/url/-/url-1.0.0-next.11.tgz"
    integrity sha512-3NsZsJIA/22P3QUyrEDNA2D133H4j224twJrdipXN38dpnIOzAbUDtOwkcJ5pXmn75w7LSQDjA4tO9dm1XlqlA==
  
  "@rollup/plugin-commonjs@^16.0.0":
    version "16.0.0"
    resolved "https://registry.npmjs.org/@rollup/plugin-commonjs/-/plugin-commonjs-16.0.0.tgz"
    integrity sha512-LuNyypCP3msCGVQJ7ki8PqYdpjfEkE/xtFa5DqlF+7IBD0JsfMZ87C58heSwIMint58sAUZbt3ITqOmdQv/dXw==
    dependencies:
      "@rollup/pluginutils" "^3.1.0"
      commondir "^1.0.1"
      estree-walker "^2.0.1"
      glob "^7.1.6"
      is-reference "^1.2.1"
      magic-string "^0.25.7"
      resolve "^1.17.0"
  
  "@rollup/plugin-json@^4.1.0":
    version "4.1.0"
    resolved "https://registry.yarnpkg.com/@rollup/plugin-json/-/plugin-json-4.1.0.tgz#54e09867ae6963c593844d8bd7a9c718294496f3"
    integrity sha512-yfLbTdNS6amI/2OpmbiBoW12vngr5NW2jCJVZSBEz+H5KfUJZ2M7sDjk0U6GOOdCWFVScShte29o9NezJ53TPw==
    dependencies:
      "@rollup/pluginutils" "^3.0.8"
  
  "@rollup/plugin-node-resolve@^10.0.0":
    version "10.0.0"
    resolved "https://registry.npmjs.org/@rollup/plugin-node-resolve/-/plugin-node-resolve-10.0.0.tgz"
    integrity sha512-sNijGta8fqzwA1VwUEtTvWCx2E7qC70NMsDh4ZG13byAXYigBNZMxALhKUSycBks5gupJdq0lFrKumFrRZ8H3A==
    dependencies:
      "@rollup/pluginutils" "^3.1.0"
      "@types/resolve" "1.17.1"
      builtin-modules "^3.1.0"
      deepmerge "^4.2.2"
      is-module "^1.0.0"
      resolve "^1.17.0"
  
  "@rollup/plugin-replace@^2.3.4":
    version "2.3.4"
    resolved "https://registry.npmjs.org/@rollup/plugin-replace/-/plugin-replace-2.3.4.tgz"
    integrity sha512-waBhMzyAtjCL1GwZes2jaE9MjuQ/DQF2BatH3fRivUF3z0JBFrU0U6iBNC/4WR+2rLKhaAhPWDNPYp4mI6RqdQ==
    dependencies:
      "@rollup/pluginutils" "^3.1.0"
      magic-string "^0.25.7"
  
  "@rollup/plugin-typescript@^6.0.0":
    version "6.1.0"
    resolved "https://registry.npmjs.org/@rollup/plugin-typescript/-/plugin-typescript-6.1.0.tgz"
    integrity sha512-hJxaiE6WyNOsK+fZpbFh9CUijZYqPQuAOWO5khaGTUkM8DYNNyA2TDlgamecE+qLOG1G1+CwbWMAx3rbqpp6xQ==
    dependencies:
      "@rollup/pluginutils" "^3.1.0"
      resolve "^1.17.0"
  
  "@rollup/pluginutils@4":
    version "4.1.0"
    resolved "https://registry.npmjs.org/@rollup/pluginutils/-/pluginutils-4.1.0.tgz"
    integrity sha512-TrBhfJkFxA+ER+ew2U2/fHbebhLT/l/2pRk0hfj9KusXUuRXd2v0R58AfaZK9VXDQ4TogOSEmICVrQAA3zFnHQ==
    dependencies:
      estree-walker "^2.0.1"
      picomatch "^2.2.2"
  
  "@rollup/pluginutils@^3.0.8", "@rollup/pluginutils@^3.1.0":
    version "3.1.0"
    resolved "https://registry.npmjs.org/@rollup/pluginutils/-/pluginutils-3.1.0.tgz"
    integrity sha512-GksZ6pr6TpIjHm8h9lSQ8pi8BE9VeubNT0OMJ3B5uZJ8pz73NPiqOtCog/x2/QzM1ENChPKxMDhiQuRHsqc+lg==
    dependencies:
      "@types/estree" "0.0.39"
      estree-walker "^1.0.1"
      picomatch "^2.2.2"
  
  "@tsconfig/svelte@^1.0.0":
    version "1.0.10"
    resolved "https://registry.npmjs.org/@tsconfig/svelte/-/svelte-1.0.10.tgz"
    integrity sha512-EBrpH2iXXfaf/9z81koiDYkp2mlwW2XzFcAqn6qh7VKyP8zBvHHAQzNhY+W9vH5arAjmGAm5g8ElWq6YmXm3ig==
  
  "@types/clone@~2.1.1":
    version "2.1.1"
    resolved "https://registry.yarnpkg.com/@types/clone/-/clone-2.1.1.tgz#9b880d0ce9b1f209b5e0bd6d9caa38209db34024"
    integrity sha512-BZIU34bSYye0j/BFcPraiDZ5ka6MJADjcDVELGf7glr9K+iE8NYVjFslJFVWzskSxkLLyCrSPScE82/UUoBSvg==
  
  "@types/estree@*", "@types/estree@0.0.39":
    version "0.0.39"
    resolved "https://registry.npmjs.org/@types/estree/-/estree-0.0.39.tgz"
    integrity sha512-EYNwp3bU+98cpU4lAWYYL7Zz+2gryWH1qbdDTidVd6hkiR6weksdbMadyXKXNPEkQFhXM+hVO9ZygomHXp+AIw==
  
  "@types/estree@^0.0.50":
    version "0.0.50"
    resolved "https://registry.yarnpkg.com/@types/estree/-/estree-0.0.50.tgz#1e0caa9364d3fccd2931c3ed96fdbeaa5d4cca83"
    integrity sha512-C6N5s2ZFtuZRj54k2/zyRhNDjJwwcViAM3Nbm8zjBpbqAdZ00mr0CFxvSKeO8Y/e03WVFLpQMdHYVfUd6SB+Hw==
  
  "@types/node@*":
    version "14.14.22"
    resolved "https://registry.npmjs.org/@types/node/-/node-14.14.22.tgz"
    integrity sha512-g+f/qj/cNcqKkc3tFqlXOYjrmZA+jNBiDzbP3kH+B+otKFqAdPgVTGP1IeKRdMml/aE69as5S4FqtxAbl+LaMw==
  
  "@types/pug@^2.0.4":
    version "2.0.4"
    resolved "https://registry.npmjs.org/@types/pug/-/pug-2.0.4.tgz"
    integrity sha1-h3L80EGOPNLMFxVV1zAHQVBR9LI=
  
  "@types/resolve@1.17.1":
    version "1.17.1"
    resolved "https://registry.npmjs.org/@types/resolve/-/resolve-1.17.1.tgz"
    integrity sha512-yy7HuzQhj0dhGpD8RLXSZWEkLsV9ibvxvi6EiJ3bkqLAO1RGo0WbkWQiwpRlSFymTJRz0d3k5LM3kkx8ArDbLw==
    dependencies:
      "@types/node" "*"
  
  "@types/sanitize-html@^1.27.0":
    version "1.27.1"
    resolved "https://registry.npmjs.org/@types/sanitize-html/-/sanitize-html-1.27.1.tgz"
    integrity sha512-TW5gfZYplKQYO8003WrxaDgwyJsEG74920S+Ei7zB9mbUFgm7l2NvFAumXzxL+1fOwM2I9A+G/1rgiEebQOxcQ==
    dependencies:
      htmlparser2 "^4.1.0"
  
  "@types/sass@^1.16.0":
    version "1.16.0"
    resolved "https://registry.npmjs.org/@types/sass/-/sass-1.16.0.tgz"
    integrity sha512-2XZovu4NwcqmtZtsBR5XYLw18T8cBCnU2USFHTnYLLHz9fkhnoEMoDsqShJIOFsFhn5aJHjweiUUdTrDGujegA==
    dependencies:
      "@types/node" "*"
  
  ansi-regex@^5.0.1:
    version "5.0.1"
    resolved "https://registry.yarnpkg.com/ansi-regex/-/ansi-regex-5.0.1.tgz#082cb2c89c9fe8659a311a53bd6a4dc5301db304"
    integrity sha512-quJQXlTSUGL2LH9SUXo8VwsY4soanhgo6LNSm84E1LBcE8s3O0wpdiRzyR9z/ZZJMlMWv37qOOb9pdJlMUEKFQ==
  
  ansi-styles@^3.2.1:
    version "3.2.1"
    resolved "https://registry.npmjs.org/ansi-styles/-/ansi-styles-3.2.1.tgz"
    integrity sha512-VT0ZI6kZRdTh8YyJw3SMbYm/u+NqfsAxEpWO0Pf9sq8/e94WxxOpPKx9FR1FlyCtOVDNOQ+8ntlqFxiRc+r5qA==
    dependencies:
      color-convert "^1.9.0"
  
  ansi-styles@^4.0.0, ansi-styles@^4.1.0:
    version "4.3.0"
    resolved "https://registry.npmjs.org/ansi-styles/-/ansi-styles-4.3.0.tgz"
    integrity sha512-zbB9rCJAT1rbjiVDb2hqKFHNYLxgtk8NURxZ3IZwD3F6NtxbXZQCnnSi1Lkx+IDohdPlFp222wVALIheZJQSEg==
    dependencies:
      color-convert "^2.0.1"
  
  anymatch@~3.1.1:
    version "3.1.1"
    resolved "https://registry.npmjs.org/anymatch/-/anymatch-3.1.1.tgz"
    integrity sha512-mM8522psRCqzV+6LhomX5wgp25YVibjh8Wj23I5RPkPppSVSjyKD2A2mBJmWGa+KN7f2D6LNh9jkBCeyLktzjg==
    dependencies:
      normalize-path "^3.0.0"
      picomatch "^2.0.4"
  
  array-flat-polyfill@^1.0.1:
    version "1.0.1"
    resolved "https://registry.yarnpkg.com/array-flat-polyfill/-/array-flat-polyfill-1.0.1.tgz#1e3a4255be619dfbffbfd1d635c1cf357cd034e7"
    integrity sha512-hfJmKupmQN0lwi0xG6FQ5U8Rd97RnIERplymOv/qpq8AoNKPPAnxJadjFA23FNWm88wykh9HmpLJUUwUtNU/iw==
  
  async-limiter@~1.0.0:
    version "1.0.1"
    resolved "https://registry.npmjs.org/async-limiter/-/async-limiter-1.0.1.tgz"
    integrity sha512-csOlWGAcRFJaI6m+F2WKdnMKr4HhdhFVBk0H/QbJFMCr+uO2kwohwXQPxw/9OCxp05r5ghVBFSyioixx3gfkNQ==
  
  axios@^0.21.0:
    version "0.21.1"
    resolved "https://registry.npmjs.org/axios/-/axios-0.21.1.tgz"
    integrity sha512-dKQiRHxGD9PPRIUNIWvZhPTPpl1rf/OxTYKsqKUDjBwYylTvV7SjSHJb9ratfyzM6wCdLCOYLzs73qpg5c4iGA==
    dependencies:
      follow-redirects "^1.10.0"
  
  balanced-match@^1.0.0:
    version "1.0.0"
    resolved "https://registry.npmjs.org/balanced-match/-/balanced-match-1.0.0.tgz"
    integrity sha1-ibTRmasr7kneFk6gK4nORi1xt2c=
  
  binary-extensions@^2.0.0:
    version "2.2.0"
    resolved "https://registry.npmjs.org/binary-extensions/-/binary-extensions-2.2.0.tgz"
    integrity sha512-jDctJ/IVQbZoJykoeHbhXpOlNBqGNcwXJKJog42E5HDPUwQTSdjCHdihjj0DlnheQ7blbT6dHOafNAiS8ooQKA==
  
  brace-expansion@^1.1.7:
    version "1.1.11"
    resolved "https://registry.npmjs.org/brace-expansion/-/brace-expansion-1.1.11.tgz"
    integrity sha512-iCuPHDFgrHX7H2vEI/5xpz07zSHB00TpugqhmYtVmMO6518mCuRMoOYFldEBl0g187ufozdaHgWKcYFb61qGiA==
    dependencies:
      balanced-match "^1.0.0"
      concat-map "0.0.1"
  
  brace@^0.11.1:
    version "0.11.1"
    resolved "https://registry.npmjs.org/brace/-/brace-0.11.1.tgz"
    integrity sha1-SJb8ydVE7vRfS7dmDbMg07N5/lg=
  
  braces@~3.0.2:
    version "3.0.2"
    resolved "https://registry.npmjs.org/braces/-/braces-3.0.2.tgz"
    integrity sha512-b8um+L1RzM3WDSzvhm6gIz1yfTbBt6YTlcEKAvsmqCZZFw46z626lVj9j1yEPW33H5H+lBQpZMP1k8l+78Ha0A==
    dependencies:
      fill-range "^7.0.1"
  
  buffer-from@^1.0.0:
    version "1.1.1"
    resolved "https://registry.npmjs.org/buffer-from/-/buffer-from-1.1.1.tgz"
    integrity sha512-MQcXEUbCKtEo7bhqEs6560Hyd4XaovZlO/k9V3hjVUF/zwW7KBVdSK4gIt/bzwS9MbR5qob+F5jusZsb0YQK2A==
  
  builtin-modules@^3.1.0:
    version "3.2.0"
    resolved "https://registry.npmjs.org/builtin-modules/-/builtin-modules-3.2.0.tgz"
    integrity sha512-lGzLKcioL90C7wMczpkY0n/oART3MbBa8R9OFGE1rJxoVI86u4WAGfEk8Wjv10eKSyTHVGkSo3bvBylCEtk7LA==
  
  callsites@^3.0.0:
    version "3.1.0"
    resolved "https://registry.npmjs.org/callsites/-/callsites-3.1.0.tgz"
    integrity sha512-P8BjAsXvZS+VIDUI11hHCQEv74YT67YUi5JJFNWIqL235sBmjX4+qx9Muvls5ivyNENctx46xQLQ3aTuE7ssaQ==
  
  camel-case@^4.1.2:
    version "4.1.2"
    resolved "https://registry.npmjs.org/camel-case/-/camel-case-4.1.2.tgz"
    integrity sha512-gxGWBrTT1JuMx6R+o5PTXMmUnhnVzLQ9SNutD4YqKtI6ap897t3tKECYla6gCWEkplXnlNybEkZg9GEGxKFCgw==
    dependencies:
      pascal-case "^3.1.2"
      tslib "^2.0.3"
  
  capital-case@^1.0.4:
    version "1.0.4"
    resolved "https://registry.npmjs.org/capital-case/-/capital-case-1.0.4.tgz"
    integrity sha512-ds37W8CytHgwnhGGTi88pcPyR15qoNkOpYwmMMfnWqqWgESapLqvDx6huFjQ5vqWSn2Z06173XNA7LtMOeUh1A==
    dependencies:
      no-case "^3.0.4"
      tslib "^2.0.3"
      upper-case-first "^2.0.2"
  
  chalk@^2.0.0:
    version "2.4.2"
    resolved "https://registry.npmjs.org/chalk/-/chalk-2.4.2.tgz"
    integrity sha512-Mti+f9lpJNcwF4tWV8/OrTTtF1gZi+f8FqlyAdouralcFWFQWF2+NgCHShjkCb+IFBLq9buZwE1xckQU4peSuQ==
    dependencies:
      ansi-styles "^3.2.1"
      escape-string-regexp "^1.0.5"
      supports-color "^5.3.0"
  
  chalk@^4.0.0:
    version "4.1.0"
    resolved "https://registry.npmjs.org/chalk/-/chalk-4.1.0.tgz"
    integrity sha512-qwx12AxXe2Q5xQ43Ac//I6v5aXTipYrSESdOgzrN+9XjgEpyjpKuvSGaN4qE93f7TQTlerQQ8S+EQ0EyDoVL1A==
    dependencies:
      ansi-styles "^4.1.0"
      supports-color "^7.1.0"
  
  change-case@^4.1.2:
    version "4.1.2"
    resolved "https://registry.npmjs.org/change-case/-/change-case-4.1.2.tgz"
    integrity sha512-bSxY2ws9OtviILG1EiY5K7NNxkqg/JnRnFxLtKQ96JaviiIxi7djMrSd0ECT9AC+lttClmYwKw53BWpOMblo7A==
    dependencies:
      camel-case "^4.1.2"
      capital-case "^1.0.4"
      constant-case "^3.0.4"
      dot-case "^3.0.4"
      header-case "^2.0.4"
      no-case "^3.0.4"
      param-case "^3.0.4"
      pascal-case "^3.1.2"
      path-case "^3.0.4"
      sentence-case "^3.0.4"
      snake-case "^3.0.4"
      tslib "^2.0.3"
  
  chart.js@^2.9.4:
    version "2.9.4"
    resolved "https://registry.npmjs.org/chart.js/-/chart.js-2.9.4.tgz"
    integrity sha512-B07aAzxcrikjAPyV+01j7BmOpxtQETxTSlQ26BEYJ+3iUkbNKaOJ/nDbT6JjyqYxseM0ON12COHYdU2cTIjC7A==
    dependencies:
      chartjs-color "^2.1.0"
      moment "^2.10.2"
  
  chartjs-color-string@^0.6.0:
    version "0.6.0"
    resolved "https://registry.npmjs.org/chartjs-color-string/-/chartjs-color-string-0.6.0.tgz"
    integrity sha512-TIB5OKn1hPJvO7JcteW4WY/63v6KwEdt6udfnDE9iCAZgy+V4SrbSxoIbTw/xkUIapjEI4ExGtD0+6D3KyFd7A==
    dependencies:
      color-name "^1.0.0"
  
  chartjs-color@^2.1.0:
    version "2.4.1"
    resolved "https://registry.npmjs.org/chartjs-color/-/chartjs-color-2.4.1.tgz"
    integrity sha512-haqOg1+Yebys/Ts/9bLo/BqUcONQOdr/hoEr2LLTRl6C5LXctUdHxsCYfvQVg5JIxITrfCNUDr4ntqmQk9+/0w==
    dependencies:
      chartjs-color-string "^0.6.0"
      color-convert "^1.9.3"
  
  chartkick@^3.2.1:
    version "3.2.1"
    resolved "https://registry.npmjs.org/chartkick/-/chartkick-3.2.1.tgz"
    integrity sha512-zV0kUeZNqrX28AmPt10QEDXHKadbVFOTAFkCMyJifHzGFkKzGCDXxVR8orZ0fC1HbePzRn5w6kLCOVxDQbMUCg==
  
  chokidar@^3.3.0, chokidar@^3.4.1:
    version "3.5.1"
    resolved "https://registry.npmjs.org/chokidar/-/chokidar-3.5.1.tgz"
    integrity sha512-9+s+Od+W0VJJzawDma/gvBNQqkTiqYTWLuZoyAsivsI4AaWTCzHG06/TMjsf1cYe9Cb97UCEhjz7HvnPk2p/tw==
    dependencies:
      anymatch "~3.1.1"
      braces "~3.0.2"
      glob-parent "~5.1.0"
      is-binary-path "~2.1.0"
      is-glob "~4.0.1"
      normalize-path "~3.0.0"
      readdirp "~3.5.0"
    optionalDependencies:
      fsevents "~2.3.1"
  
  cliui@^7.0.2:
    version "7.0.4"
    resolved "https://registry.yarnpkg.com/cliui/-/cliui-7.0.4.tgz#a0265ee655476fc807aea9df3df8df7783808b4f"
    integrity sha512-OcRE68cOsVMXp1Yvonl/fzkQOyjLSu/8bhPDfQt0e0/Eb283TKP20Fs2MqoPsr9SwA595rRCA+QMzYc9nBP+JQ==
    dependencies:
      string-width "^4.2.0"
      strip-ansi "^6.0.0"
      wrap-ansi "^7.0.0"
  
  clone@~2.1.2:
    version "2.1.2"
    resolved "https://registry.yarnpkg.com/clone/-/clone-2.1.2.tgz#1b7f4b9f591f1e8f83670401600345a02887435f"
    integrity sha1-G39Ln1kfHo+DZwQBYANFoCiHQ18=
  
  color-convert@^1.9.0, color-convert@^1.9.3:
    version "1.9.3"
    resolved "https://registry.npmjs.org/color-convert/-/color-convert-1.9.3.tgz"
    integrity sha512-QfAUtd+vFdAtFQcC8CCyYt1fYWxSqAiK2cSD6zDB8N3cpsEBAvRxp9zOGg6G/SHHJYAT88/az/IuDGALsNVbGg==
    dependencies:
      color-name "1.1.3"
  
  color-convert@^2.0.1:
    version "2.0.1"
    resolved "https://registry.npmjs.org/color-convert/-/color-convert-2.0.1.tgz"
    integrity sha512-RRECPsj7iu/xb5oKYcsFHSppFNnsj/52OVTRKb4zP5onXwVF3zVmmToNcOfGC+CRDpfK/U584fMg38ZHCaElKQ==
    dependencies:
      color-name "~1.1.4"
  
  color-name@1.1.3:
    version "1.1.3"
    resolved "https://registry.npmjs.org/color-name/-/color-name-1.1.3.tgz"
    integrity sha1-p9BVi9icQveV3UIyj3QIMcpTvCU=
  
  color-name@^1.0.0, color-name@~1.1.4:
    version "1.1.4"
    resolved "https://registry.npmjs.org/color-name/-/color-name-1.1.4.tgz"
    integrity sha512-dOy+3AuW3a2wNbZHIuMZpTcgjGuLU/uBL/ubcZF9OXbDo8ff4O8yVp5Bf0efS8uEoYo5q4Fx7dY9OgQGXgAsQA==
  
  commander@2, commander@^2.20.0:
    version "2.20.3"
    resolved "https://registry.npmjs.org/commander/-/commander-2.20.3.tgz"
    integrity sha512-GpVkmM8vF2vQUkj2LvZmD35JxeJOLCwJ9cUkugyk2nuhbv3+mJvpLYYt+0+USMxE+oj+ey/lJEnhZw75x/OMcQ==
  
  commondir@^1.0.1:
    version "1.0.1"
    resolved "https://registry.npmjs.org/commondir/-/commondir-1.0.1.tgz"
    integrity sha1-3dgA2gxmEnOTzKWVDqloo6rxJTs=
  
  concat-map@0.0.1:
    version "0.0.1"
    resolved "https://registry.npmjs.org/concat-map/-/concat-map-0.0.1.tgz"
    integrity sha1-2Klr13/Wjfd5OnMDajug1UBdR3s=
  
  console-clear@^1.1.0:
    version "1.1.1"
    resolved "https://registry.npmjs.org/console-clear/-/console-clear-1.1.1.tgz"
    integrity sha512-pMD+MVR538ipqkG5JXeOEbKWS5um1H4LUUccUQG68qpeqBYbzYy79Gh55jkd2TtPdRfUaLWdv6LPP//5Zt0aPQ==
  
  constant-case@^3.0.4:
    version "3.0.4"
    resolved "https://registry.npmjs.org/constant-case/-/constant-case-3.0.4.tgz"
    integrity sha512-I2hSBi7Vvs7BEuJDr5dDHfzb/Ruj3FyvFyh7KLilAjNQw3Be+xgqUBA2W6scVEcL0hL1dwPRtIqEPVUCKkSsyQ==
    dependencies:
      no-case "^3.0.4"
      tslib "^2.0.3"
      upper-case "^2.0.2"
  
  copy-to-clipboard@^3.3.1:
    version "3.3.1"
    resolved "https://registry.npmjs.org/copy-to-clipboard/-/copy-to-clipboard-3.3.1.tgz"
    integrity sha512-i13qo6kIHTTpCm8/Wup+0b1mVWETvu2kIMzKoK8FpkLkFxlt0znUAHcMzox+T8sPlqtZXq3CulEjQHsYiGFJUw==
    dependencies:
      toggle-selection "^1.0.6"
  
  "d3-array@1 - 2", d3-array@2, d3-array@^2.3.0, d3-array@^2.5.0, d3-array@^2.7.1:
    version "2.12.1"
    resolved "https://registry.yarnpkg.com/d3-array/-/d3-array-2.12.1.tgz#e20b41aafcdffdf5d50928004ececf815a465e81"
    integrity sha512-B0ErZK/66mHtEsR1TkPEEkwdy+WDesimkM5gpZr5Dsg54BiTA5RXtYW5qTLIAcekaS9xfZrzBLF/OAkB3Qn1YQ==
    dependencies:
      internmap "^1.0.0"
  
  "d3-color@1 - 2", d3-color@^2.0.0:
    version "2.0.0"
    resolved "https://registry.yarnpkg.com/d3-color/-/d3-color-2.0.0.tgz#8d625cab42ed9b8f601a1760a389f7ea9189d62e"
    integrity sha512-SPXi0TSKPD4g9tw0NMZFnR95XVgUZiBH+uUTqQuDu1OsE2zomHU7ho0FISciaPvosimixwHFl3WHLGabv6dDgQ==
  
  d3-delaunay@^5.3.0:
    version "5.3.0"
    resolved "https://registry.yarnpkg.com/d3-delaunay/-/d3-delaunay-5.3.0.tgz#b47f05c38f854a4e7b3cea80e0bb12e57398772d"
    integrity sha512-amALSrOllWVLaHTnDLHwMIiz0d1bBu9gZXd1FiLfXf8sHcX9jrcj81TVZOqD4UX7MgBZZ07c8GxzEgBpJqc74w==
    dependencies:
      delaunator "4"
  
  "d3-dispatch@1 - 2":
    version "2.0.0"
    resolved "https://registry.yarnpkg.com/d3-dispatch/-/d3-dispatch-2.0.0.tgz#8a18e16f76dd3fcaef42163c97b926aa9b55e7cf"
    integrity sha512-S/m2VsXI7gAti2pBoLClFFTMOO1HTtT0j99AuXLoGFKO6deHDdnv6ZGTxSTTUTgO1zVcv82fCOtDjYK4EECmWA==
  
  d3-dsv@^2.0.0:
    version "2.0.0"
    resolved "https://registry.yarnpkg.com/d3-dsv/-/d3-dsv-2.0.0.tgz#b37b194b6df42da513a120d913ad1be22b5fe7c5"
    integrity sha512-E+Pn8UJYx9mViuIUkoc93gJGGYut6mSDKy2+XaPwccwkRGlR+LO97L2VCCRjQivTwLHkSnAJG7yo00BWY6QM+w==
    dependencies:
      commander "2"
      iconv-lite "0.4"
      rw "1"
  
  d3-force@^2.1.1:
    version "2.1.1"
    resolved "https://registry.yarnpkg.com/d3-force/-/d3-force-2.1.1.tgz#f20ccbf1e6c9e80add1926f09b51f686a8bc0937"
    integrity sha512-nAuHEzBqMvpFVMf9OX75d00OxvOXdxY+xECIXjW6Gv8BRrXu6gAWbv/9XKrvfJ5i5DCokDW7RYE50LRoK092ew==
    dependencies:
      d3-dispatch "1 - 2"
      d3-quadtree "1 - 2"
      d3-timer "1 - 2"
  
  "d3-format@1 - 2", d3-format@^2.0.0:
    version "2.0.0"
    resolved "https://registry.yarnpkg.com/d3-format/-/d3-format-2.0.0.tgz#a10bcc0f986c372b729ba447382413aabf5b0767"
    integrity sha512-Ab3S6XuE/Q+flY96HXT0jOXcM4EAClYFnRGY5zsjRGNy6qCYrQsMffs7cV5Q9xejb35zxW5hf/guKw34kvIKsA==
  
  d3-geo-projection@^3.0.0:
    version "3.0.0"
    resolved "https://registry.yarnpkg.com/d3-geo-projection/-/d3-geo-projection-3.0.0.tgz#45ad8ce756cdbfa8340b11b2988644d8e1fa42e4"
    integrity sha512-1JE+filVbkEX2bT25dJdQ05iA4QHvUwev6o0nIQHOSrNlHCAKfVss/U10vEM3pA4j5v7uQoFdQ4KLbx9BlEbWA==
    dependencies:
      commander "2"
      d3-array "1 - 2"
      d3-geo "1.12.0 - 2"
      resolve "^1.1.10"
  
  "d3-geo@1.12.0 - 2", d3-geo@^2.0.1:
    version "2.0.2"
    resolved "https://registry.yarnpkg.com/d3-geo/-/d3-geo-2.0.2.tgz#c065c1b71fe8c5f1be657e5f43d9bdd010383c40"
    integrity sha512-8pM1WGMLGFuhq9S+FpPURxic+gKzjluCD/CHTuUF3mXMeiCo0i6R0tO1s4+GArRFde96SLcW/kOFRjoAosPsFA==
    dependencies:
      d3-array "^2.5.0"
  
  d3-hierarchy@^2.0.0:
    version "2.0.0"
    resolved "https://registry.yarnpkg.com/d3-hierarchy/-/d3-hierarchy-2.0.0.tgz#dab88a58ca3e7a1bc6cab390e89667fcc6d20218"
    integrity sha512-SwIdqM3HxQX2214EG9GTjgmCc/mbSx4mQBn+DuEETubhOw6/U3fmnji4uCVrmzOydMHSO1nZle5gh6HB/wdOzw==
  
  "d3-interpolate@1.2.0 - 2", d3-interpolate@^2.0.1:
    version "2.0.1"
    resolved "https://registry.yarnpkg.com/d3-interpolate/-/d3-interpolate-2.0.1.tgz#98be499cfb8a3b94d4ff616900501a64abc91163"
    integrity sha512-c5UhwwTs/yybcmTpAVqwSFl6vrQ8JZJoT5F7xNFK9pymv5C0Ymcc9/LIJHtYIggg/yS9YHw8i8O8tgb9pupjeQ==
    dependencies:
      d3-color "1 - 2"
  
  "d3-path@1 - 2", d3-path@^2.0.0:
    version "2.0.0"
    resolved "https://registry.yarnpkg.com/d3-path/-/d3-path-2.0.0.tgz#55d86ac131a0548adae241eebfb56b4582dd09d8"
    integrity sha512-ZwZQxKhBnv9yHaiWd6ZU4x5BtCQ7pXszEV9CU6kRgwIQVQGLMv1oiL4M+MK/n79sYzsj+gcgpPQSctJUsLN7fA==
  
  "d3-quadtree@1 - 2":
    version "2.0.0"
    resolved "https://registry.yarnpkg.com/d3-quadtree/-/d3-quadtree-2.0.0.tgz#edbad045cef88701f6fee3aee8e93fb332d30f9d"
    integrity sha512-b0Ed2t1UUalJpc3qXzKi+cPGxeXRr4KU9YSlocN74aTzp6R/Ud43t79yLLqxHRWZfsvWXmbDWPpoENK1K539xw==
  
  d3-scale@^3.2.2:
    version "3.3.0"
    resolved "https://registry.yarnpkg.com/d3-scale/-/d3-scale-3.3.0.tgz#28c600b29f47e5b9cd2df9749c206727966203f3"
    integrity sha512-1JGp44NQCt5d1g+Yy+GeOnZP7xHo0ii8zsQp6PGzd+C1/dl0KGsp9A7Mxwp+1D1o4unbTTxVdU/ZOIEBoeZPbQ==
    dependencies:
      d3-array "^2.3.0"
      d3-format "1 - 2"
      d3-interpolate "1.2.0 - 2"
      d3-time "^2.1.1"
      d3-time-format "2 - 3"
  
  d3-shape@^2.0.0:
    version "2.1.0"
    resolved "https://registry.yarnpkg.com/d3-shape/-/d3-shape-2.1.0.tgz#3b6a82ccafbc45de55b57fcf956c584ded3b666f"
    integrity sha512-PnjUqfM2PpskbSLTJvAzp2Wv4CZsnAgTfcVRTwW03QR3MkXF8Uo7B1y/lWkAsmbKwuecto++4NlsYcvYpXpTHA==
    dependencies:
      d3-path "1 - 2"
  
  "d3-time-format@2 - 3", d3-time-format@^3.0.0:
    version "3.0.0"
    resolved "https://registry.yarnpkg.com/d3-time-format/-/d3-time-format-3.0.0.tgz#df8056c83659e01f20ac5da5fdeae7c08d5f1bb6"
    integrity sha512-UXJh6EKsHBTjopVqZBhFysQcoXSv/5yLONZvkQ5Kk3qbwiUYkdX17Xa1PT6U1ZWXGGfB1ey5L8dKMlFq2DO0Ag==
    dependencies:
      d3-time "1 - 2"
  
  "d3-time@1 - 2", d3-time@^2.0.0, d3-time@^2.1.1:
    version "2.1.1"
    resolved "https://registry.yarnpkg.com/d3-time/-/d3-time-2.1.1.tgz#e9d8a8a88691f4548e68ca085e5ff956724a6682"
    integrity sha512-/eIQe/eR4kCQwq7yxi7z4c6qEXf2IYGcjoWB5OOQy4Tq9Uv39/947qlDcN2TLkiTzQWzvnsuYPB9TrWaNfipKQ==
    dependencies:
      d3-array "2"
  
  "d3-timer@1 - 2", d3-timer@^2.0.0:
    version "2.0.0"
    resolved "https://registry.yarnpkg.com/d3-timer/-/d3-timer-2.0.0.tgz#055edb1d170cfe31ab2da8968deee940b56623e6"
    integrity sha512-TO4VLh0/420Y/9dO3+f9abDEFYeCUr2WZRlxJvbp4HPTQcSylXNiL6yZa9FIUvV1yRiFufl1bszTCLDqv9PWNA==
  
  deepmerge@^4.2.2:
    version "4.2.2"
    resolved "https://registry.npmjs.org/deepmerge/-/deepmerge-4.2.2.tgz"
    integrity sha512-FJ3UgI4gIl+PHZm53knsuSFpE+nESMr7M4v9QcgB7S63Kj/6WqMiFQJpBBYz1Pt+66bZpP3Q7Lye0Oo9MPKEdg==
  
  delaunator@4:
    version "4.0.1"
    resolved "https://registry.yarnpkg.com/delaunator/-/delaunator-4.0.1.tgz#3d779687f57919a7a418f8ab947d3bddb6846957"
    integrity sha512-WNPWi1IRKZfCt/qIDMfERkDp93+iZEmOxN2yy4Jg+Xhv8SLk2UTqqbe1sfiipn0and9QrE914/ihdx82Y/Giag==
  
  detect-indent@^6.0.0:
    version "6.0.0"
    resolved "https://registry.npmjs.org/detect-indent/-/detect-indent-6.0.0.tgz"
    integrity sha512-oSyFlqaTHCItVRGK5RmrmjB+CmaMOW7IaNA/kdxqhoa6d17j/5ce9O9eWXmV/KEdRwqpQA+Vqe8a8Bsybu4YnA==
  
  dom-serializer@^1.0.1:
    version "1.2.0"
    resolved "https://registry.npmjs.org/dom-serializer/-/dom-serializer-1.2.0.tgz"
    integrity sha512-n6kZFH/KlCrqs/1GHMOd5i2fd/beQHuehKdWvNNffbGHTr/almdhuVvTVFb3V7fglz+nC50fFusu3lY33h12pA==
    dependencies:
      domelementtype "^2.0.1"
      domhandler "^4.0.0"
      entities "^2.0.0"
  
  domelementtype@^2.0.1, domelementtype@^2.1.0:
    version "2.1.0"
    resolved "https://registry.npmjs.org/domelementtype/-/domelementtype-2.1.0.tgz"
    integrity sha512-LsTgx/L5VpD+Q8lmsXSHW2WpA+eBlZ9HPf3erD1IoPF00/3JKHZ3BknUVA2QGDNu69ZNmyFmCWBSO45XjYKC5w==
  
  domhandler@^3.0.0:
    version "3.3.0"
    resolved "https://registry.npmjs.org/domhandler/-/domhandler-3.3.0.tgz"
    integrity sha512-J1C5rIANUbuYK+FuFL98650rihynUOEzRLxW+90bKZRWB6A1X1Tf82GxR1qAWLyfNPRvjqfip3Q5tdYlmAa9lA==
    dependencies:
      domelementtype "^2.0.1"
  
  domhandler@^4.0.0:
    version "4.0.0"
    resolved "https://registry.npmjs.org/domhandler/-/domhandler-4.0.0.tgz"
    integrity sha512-KPTbnGQ1JeEMQyO1iYXoagsI6so/C96HZiFyByU3T6iAzpXn8EGEvct6unm1ZGoed8ByO2oirxgwxBmqKF9haA==
    dependencies:
      domelementtype "^2.1.0"
  
  dompurify@^2.2.3:
    version "2.2.6"
    resolved "https://registry.npmjs.org/dompurify/-/dompurify-2.2.6.tgz"
    integrity sha512-7b7ZArhhH0SP6W2R9cqK6RjaU82FZ2UPM7RO8qN1b1wyvC/NY1FNWcX1Pu00fFOAnzEORtwXe4bPaClg6pUybQ==
  
  domutils@^2.0.0:
    version "2.4.4"
    resolved "https://registry.npmjs.org/domutils/-/domutils-2.4.4.tgz"
    integrity sha512-jBC0vOsECI4OMdD0GC9mGn7NXPLb+Qt6KW1YDQzeQYRUFKmNG8lh7mO5HiELfr+lLQE7loDVI4QcAxV80HS+RA==
    dependencies:
      dom-serializer "^1.0.1"
      domelementtype "^2.0.1"
      domhandler "^4.0.0"
  
  dot-case@^3.0.4:
    version "3.0.4"
    resolved "https://registry.npmjs.org/dot-case/-/dot-case-3.0.4.tgz"
    integrity sha512-Kv5nKlh6yRrdrGvxeJ2e5y2eRUpkUosIW4A2AS38zwSz27zu7ufDwQPi5Jhs3XAlGNetl3bmnGhQsMtkKJnj3w==
    dependencies:
      no-case "^3.0.4"
      tslib "^2.0.3"
  
  emoji-regex@^8.0.0:
    version "8.0.0"
    resolved "https://registry.yarnpkg.com/emoji-regex/-/emoji-regex-8.0.0.tgz#e818fd69ce5ccfcb404594f842963bf53164cc37"
    integrity sha512-MSjYzcWNOA0ewAHpz0MxpYFvwg6yjy1NG3xteoqz644VCo/RPgnr1/GGt+ic3iJTzQ8Eu3TdM14SawnVUmGE6A==
  
  entities@^2.0.0:
    version "2.2.0"
    resolved "https://registry.npmjs.org/entities/-/entities-2.2.0.tgz"
    integrity sha512-p92if5Nz619I0w+akJrLZH0MX0Pb5DX39XOwQTtXSdQQOaYH03S1uIQp4mhOZtAXrxq4ViO67YTiLBo2638o9A==
  
  escalade@^3.1.1:
    version "3.1.1"
    resolved "https://registry.yarnpkg.com/escalade/-/escalade-3.1.1.tgz#d8cfdc7000965c5a0174b4a82eaa5c0552742e40"
    integrity sha512-k0er2gUkLf8O0zKJiAhmkTnJlTvINGv7ygDNPbeIsX/TJjGJZHuh9B2UxbsaEkmlEo9MfhrSzmhIlhRlI2GXnw==
  
  escape-string-regexp@^1.0.5:
    version "1.0.5"
    resolved "https://registry.npmjs.org/escape-string-regexp/-/escape-string-regexp-1.0.5.tgz"
    integrity sha1-G2HAViGQqN/2rjuyzwIAyhMLhtQ=
  
  estree-walker@^0.6.1:
    version "0.6.1"
    resolved "https://registry.npmjs.org/estree-walker/-/estree-walker-0.6.1.tgz"
    integrity sha512-SqmZANLWS0mnatqbSfRP5g8OXZC12Fgg1IwNtLsyHDzJizORW4khDfjPqJZsemPWBB2uqykUah5YpQ6epsqC/w==
  
  estree-walker@^1.0.1:
    version "1.0.1"
    resolved "https://registry.npmjs.org/estree-walker/-/estree-walker-1.0.1.tgz"
    integrity sha512-1fMXF3YP4pZZVozF8j/ZLfvnR8NSIljt56UhbZ5PeeDmmGHpgpdwQt7ITlGvYaQukCvuBRMLEiKiYC+oeIg4cg==
  
  estree-walker@^2.0.1:
    version "2.0.2"
    resolved "https://registry.npmjs.org/estree-walker/-/estree-walker-2.0.2.tgz"
    integrity sha512-Rfkk/Mp/DL7JVje3u18FxFujQlTNR2q6QfMSMB7AvCBx91NGj/ba3kCfza0f6dVDbw7YlRf/nDrn7pQrCCyQ/w==
  
  fast-deep-equal@~3.1.3:
    version "3.1.3"
    resolved "https://registry.yarnpkg.com/fast-deep-equal/-/fast-deep-equal-3.1.3.tgz#3a7d56b559d6cbc3eb512325244e619a65c6c525"
    integrity sha512-f3qQ9oQy9j2AhBe/H9VC91wLmKBCCU/gDOnKNAYG5hswO7BLKj09Hc5HYNz9cGI++xlpDCIgDaitVs03ATR84Q==
  
  fast-json-patch@^3.1.0:
    version "3.1.0"
    resolved "https://registry.yarnpkg.com/fast-json-patch/-/fast-json-patch-3.1.0.tgz#ec8cd9b9c4c564250ec8b9140ef7a55f70acaee6"
    integrity sha512-IhpytlsVTRndz0hU5t0/MGzS/etxLlfrpG5V5M9mVbuj9TrJLWaMfsox9REM5rkuGX0T+5qjpe8XA1o0gZ42nA==
  
  fast-json-stable-stringify@~2.1.0:
    version "2.1.0"
    resolved "https://registry.yarnpkg.com/fast-json-stable-stringify/-/fast-json-stable-stringify-2.1.0.tgz#874bf69c6f404c2b5d99c481341399fd55892633"
    integrity sha512-lhd/wF+Lk98HZoTCtlVraHtfh5XYijIjalXck7saUtuanSDyLMxnHhSXEDJqHxD7msR8D0uCmqlkwjCV8xvwHw==
  
  fill-range@^7.0.1:
    version "7.0.1"
    resolved "https://registry.npmjs.org/fill-range/-/fill-range-7.0.1.tgz"
    integrity sha512-qOo9F+dMUmC2Lcb4BbVvnKJxTPjCm+RRpe4gDuGrzkL7mEVl/djYSu2OdQ2Pa302N4oqkSg9ir6jaLWJ2USVpQ==
    dependencies:
      to-regex-range "^5.0.1"
  
  follow-redirects@^1.10.0:
    version "1.13.2"
    resolved "https://registry.npmjs.org/follow-redirects/-/follow-redirects-1.13.2.tgz"
    integrity sha512-6mPTgLxYm3r6Bkkg0vNM0HTjfGrOEtsfbhagQvbxDEsEkpNhw582upBaoRZylzen6krEmxXJgt9Ju6HiI4O7BA==
  
  fs.realpath@^1.0.0:
    version "1.0.0"
    resolved "https://registry.npmjs.org/fs.realpath/-/fs.realpath-1.0.0.tgz"
    integrity sha1-FQStJSMVjKpA20onh8sBQRmU6k8=
  
  fsevents@~2.3.1:
    version "2.3.1"
    resolved "https://registry.npmjs.org/fsevents/-/fsevents-2.3.1.tgz"
    integrity sha512-YR47Eg4hChJGAB1O3yEAOkGO+rlzutoICGqGo9EZ4lKWokzZRSyIW1QmTzqjtw8MJdj9srP869CuWw/hyzSiBw==
  
  function-bind@^1.1.1:
    version "1.1.1"
    resolved "https://registry.npmjs.org/function-bind/-/function-bind-1.1.1.tgz"
    integrity sha512-yIovAzMX49sF8Yl58fSCWJ5svSLuaibPxXQJFLmBObTuCr0Mf1KiPopGM9NiFjiYBCbfaa2Fh6breQ6ANVTI0A==
  
  get-caller-file@^2.0.5:
    version "2.0.5"
    resolved "https://registry.yarnpkg.com/get-caller-file/-/get-caller-file-2.0.5.tgz#4f94412a82db32f36e3b0b9741f8a97feb031f7e"
    integrity sha512-DyFP3BM/3YHTQOCUL/w0OZHR0lpKeGrxotcHWcqNEdnltqFwXVfhEBQ94eIo34AfQpo0rGki4cyIiftY06h2Fg==
  
  get-port@^3.2.0:
    version "3.2.0"
    resolved "https://registry.npmjs.org/get-port/-/get-port-3.2.0.tgz"
    integrity sha1-3Xzn3hh8Bsi/NTeWrHHgmfCYDrw=
  
  glob-parent@~5.1.0:
    version "5.1.1"
    resolved "https://registry.npmjs.org/glob-parent/-/glob-parent-5.1.1.tgz"
    integrity sha512-FnI+VGOpnlGHWZxthPGR+QhR78fuiK0sNLkHQv+bL9fQi57lNNdquIbna/WrfROrolq8GK5Ek6BiMwqL/voRYQ==
    dependencies:
      is-glob "^4.0.1"
  
  glob@^7.1.6:
    version "7.1.6"
    resolved "https://registry.npmjs.org/glob/-/glob-7.1.6.tgz"
    integrity sha512-LwaxwyZ72Lk7vZINtNNrywX0ZuLyStrdDtabefZKAY5ZGJhVtgdznluResxNmPitE0SAO+O26sWTHeKSI2wMBA==
    dependencies:
      fs.realpath "^1.0.0"
      inflight "^1.0.4"
      inherits "2"
      minimatch "^3.0.4"
      once "^1.3.0"
      path-is-absolute "^1.0.0"
  
  has-flag@^3.0.0:
    version "3.0.0"
    resolved "https://registry.npmjs.org/has-flag/-/has-flag-3.0.0.tgz"
    integrity sha1-tdRU3CGZriJWmfNGfloH87lVuv0=
  
  has-flag@^4.0.0:
    version "4.0.0"
    resolved "https://registry.npmjs.org/has-flag/-/has-flag-4.0.0.tgz"
    integrity sha512-EykJT/Q1KjTWctppgIAgfSO0tKVuZUjhgMr17kqTumMl6Afv3EISleU7qZUzoXDFTAHTDC4NOoG/ZxU3EvlMPQ==
  
  has@^1.0.3:
    version "1.0.3"
    resolved "https://registry.npmjs.org/has/-/has-1.0.3.tgz"
    integrity sha512-f2dvO0VU6Oej7RkWJGrehjbzMAjFp5/VKPp5tTpWIV4JHHZK1/BxbFRtf/siA2SWTe09caDmVtYYzWEIbBS4zw==
    dependencies:
      function-bind "^1.1.1"
  
  header-case@^2.0.4:
    version "2.0.4"
    resolved "https://registry.npmjs.org/header-case/-/header-case-2.0.4.tgz"
    integrity sha512-H/vuk5TEEVZwrR0lp2zed9OCo1uAILMlx0JEMgC26rzyJJ3N1v6XkwHHXJQdR2doSjcGPM6OKPYoJgf0plJ11Q==
    dependencies:
      capital-case "^1.0.4"
      tslib "^2.0.3"
  
  htmlparser2@^4.1.0:
    version "4.1.0"
    resolved "https://registry.npmjs.org/htmlparser2/-/htmlparser2-4.1.0.tgz"
    integrity sha512-4zDq1a1zhE4gQso/c5LP1OtrhYTncXNSpvJYtWJBtXAETPlMfi3IFNjGuQbYLuVY4ZR0QMqRVvo4Pdy9KLyP8Q==
    dependencies:
      domelementtype "^2.0.1"
      domhandler "^3.0.0"
      domutils "^2.0.0"
      entities "^2.0.0"
  
  iconv-lite@0.4:
    version "0.4.24"
    resolved "https://registry.yarnpkg.com/iconv-lite/-/iconv-lite-0.4.24.tgz#2022b4b25fbddc21d2f524974a474aafe733908b"
    integrity sha512-v3MXnZAcvnywkTUEZomIActle7RXXeedOR31wwl7VlyoXO4Qi9arvSenNQWne1TcRwhCL1HwLI21bEqdpj8/rA==
    dependencies:
      safer-buffer ">= 2.1.2 < 3"
  
  import-fresh@^3.2.1:
    version "3.3.0"
    resolved "https://registry.npmjs.org/import-fresh/-/import-fresh-3.3.0.tgz"
    integrity sha512-veYYhQa+D1QBKznvhUHxb8faxlrwUnxseDAbAp457E0wLNio2bOSKnjYDhMj+YiAq61xrMGhQk9iXVk5FzgQMw==
    dependencies:
      parent-module "^1.0.0"
      resolve-from "^4.0.0"
  
  inflight@^1.0.4:
    version "1.0.6"
    resolved "https://registry.npmjs.org/inflight/-/inflight-1.0.6.tgz"
    integrity sha1-Sb1jMdfQLQwJvJEKEHW6gWW1bfk=
    dependencies:
      once "^1.3.0"
      wrappy "1"
  
  inherits@2:
    version "2.0.4"
    resolved "https://registry.npmjs.org/inherits/-/inherits-2.0.4.tgz"
    integrity sha512-k/vGaX4/Yla3WzyMCvTQOXYeIHvqOKtnqBduzTHpzpQZzAskKMhZ2K+EnBiSM9zGSoIFeMpXKxa4dYeZIQqewQ==
  
  internmap@^1.0.0:
    version "1.0.1"
    resolved "https://registry.yarnpkg.com/internmap/-/internmap-1.0.1.tgz#0017cc8a3b99605f0302f2b198d272e015e5df95"
    integrity sha512-lDB5YccMydFBtasVtxnZ3MRBHuaoE8GKsppq+EchKL2U4nK/DmEpPHNH8MZe5HkMtpSiTSOZwfN0tzYjO/lJEw==
  
  is-binary-path@~2.1.0:
    version "2.1.0"
    resolved "https://registry.npmjs.org/is-binary-path/-/is-binary-path-2.1.0.tgz"
    integrity sha512-ZMERYes6pDydyuGidse7OsHxtbI7WVeUEozgR/g7rd0xUimYNlvZRE/K2MgZTjWy725IfelLeVcEM97mmtRGXw==
    dependencies:
      binary-extensions "^2.0.0"
  
  is-core-module@^2.1.0:
    version "2.2.0"
    resolved "https://registry.npmjs.org/is-core-module/-/is-core-module-2.2.0.tgz"
    integrity sha512-XRAfAdyyY5F5cOXn7hYQDqh2Xmii+DEfIcQGxK/uNwMHhIkPWO0g8msXcbzLe+MpGoR951MlqM/2iIlU4vKDdQ==
    dependencies:
      has "^1.0.3"
  
  is-core-module@^2.2.0:
    version "2.8.0"
    resolved "https://registry.yarnpkg.com/is-core-module/-/is-core-module-2.8.0.tgz#0321336c3d0925e497fd97f5d95cb114a5ccd548"
    integrity sha512-vd15qHsaqrRL7dtH6QNuy0ndJmRDrS9HAM1CAiSifNUFv4x1a0CCVsj18hJ1mShxIG6T2i1sO78MkP56r0nYRw==
    dependencies:
      has "^1.0.3"
  
  is-extglob@^2.1.1:
    version "2.1.1"
    resolved "https://registry.npmjs.org/is-extglob/-/is-extglob-2.1.1.tgz"
    integrity sha1-qIwCU1eR8C7TfHahueqXc8gz+MI=
  
  is-fullwidth-code-point@^3.0.0:
    version "3.0.0"
    resolved "https://registry.yarnpkg.com/is-fullwidth-code-point/-/is-fullwidth-code-point-3.0.0.tgz#f116f8064fe90b3f7844a38997c0b75051269f1d"
    integrity sha512-zymm5+u+sCsSWyD9qNaejV3DFvhCKclKdizYaJUuHA83RLjb7nSuGnddCHGv0hk+KY7BMAlsWeK4Ueg6EV6XQg==
  
  is-glob@^4.0.1, is-glob@~4.0.1:
    version "4.0.1"
    resolved "https://registry.npmjs.org/is-glob/-/is-glob-4.0.1.tgz"
    integrity sha512-5G0tKtBTFImOqDnLB2hG6Bp2qcKEFduo4tZu9MT/H6NQv/ghhy30o55ufafxJ/LdH79LLs2Kfrn85TLKyA7BUg==
    dependencies:
      is-extglob "^2.1.1"
  
  is-module@^1.0.0:
    version "1.0.0"
    resolved "https://registry.npmjs.org/is-module/-/is-module-1.0.0.tgz"
    integrity sha1-Mlj7afeMFNW4FdZkM2tM/7ZEFZE=
  
  is-number@^7.0.0:
    version "7.0.0"
    resolved "https://registry.npmjs.org/is-number/-/is-number-7.0.0.tgz"
    integrity sha512-41Cifkg6e8TylSpdtTpeLVMqvSBEVzTttHvERD741+pnZ8ANv0004MRL43QKPDlK9cGvNp6NZWZUBlbGXYxxng==
  
  is-reference@^1.2.1:
    version "1.2.1"
    resolved "https://registry.npmjs.org/is-reference/-/is-reference-1.2.1.tgz"
    integrity sha512-U82MsXXiFIrjCK4otLT+o2NA2Cd2g5MLoOVXUZjIOhLurrRxpEXzI8O0KZHr3IjLvlAH1kTPYSuqer5T9ZVBKQ==
    dependencies:
      "@types/estree" "*"
  
  jest-worker@^26.2.1:
    version "26.6.2"
    resolved "https://registry.npmjs.org/jest-worker/-/jest-worker-26.6.2.tgz"
    integrity sha512-KWYVV1c4i+jbMpaBC+U++4Va0cp8OisU185o73T1vo99hqi7w8tSJfUXYswwqqrjzwxa6KpRK54WhPvwf5w6PQ==
    dependencies:
      "@types/node" "*"
      merge-stream "^2.0.0"
      supports-color "^7.0.0"
  
  js-tokens@^4.0.0:
    version "4.0.0"
    resolved "https://registry.npmjs.org/js-tokens/-/js-tokens-4.0.0.tgz"
    integrity sha512-RdJUflcE3cUzKiMqQgsCu06FPu9UdIJO0beYbPhHN4k6apgJtifcoCtT9bcxOpYBtpD2kCM6Sbzg4CausW/PKQ==
  
  json-stringify-pretty-compact@^3.0.0, json-stringify-pretty-compact@~3.0.0:
    version "3.0.0"
    resolved "https://registry.yarnpkg.com/json-stringify-pretty-compact/-/json-stringify-pretty-compact-3.0.0.tgz#f71ef9d82ef16483a407869556588e91b681d9ab"
    integrity sha512-Rc2suX5meI0S3bfdZuA7JMFBGkJ875ApfVyq2WHELjBiiG22My/l7/8zPpH/CfFVQHuVLd8NLR0nv6vi0BYYKA==
  
  jwt-decode@^3.1.2:
    version "3.1.2"
    resolved "https://registry.npmjs.org/jwt-decode/-/jwt-decode-3.1.2.tgz"
    integrity sha512-UfpWE/VZn0iP50d8cz9NrZLM9lSWhcJ+0Gt/nm4by88UL+J1SiKN8/5dkjMmbEzwL2CAe+67GsegCbIKtbp75A==
  
  kleur@^3.0.0:
    version "3.0.3"
    resolved "https://registry.npmjs.org/kleur/-/kleur-3.0.3.tgz"
    integrity sha512-eTIzlVOSUR+JxdDFepEYcBMtZ9Qqdef+rnzWdRZuMbOywu5tO2w2N7rqjoANZ5k9vywhL6Br1VRjUIgTQx4E8w==
  
  livereload-js@^3.1.0:
    version "3.3.1"
    resolved "https://registry.npmjs.org/livereload-js/-/livereload-js-3.3.1.tgz"
    integrity sha512-CBu1gTEfzVhlOK1WASKAAJ9Qx1fHECTq0SUB67sfxwQssopTyvzqTlgl+c0h9pZ6V+Fzd2rc510ppuNusg9teQ==
  
  livereload@^0.9.1:
    version "0.9.1"
    resolved "https://registry.npmjs.org/livereload/-/livereload-0.9.1.tgz"
    integrity sha512-9g7sua11kkyZNo2hLRCG3LuZZwqexoyEyecSlV8cAsfAVVCZqLzVir6XDqmH0r+Vzgnd5LrdHDMyjtFnJQLAYw==
    dependencies:
      chokidar "^3.3.0"
      livereload-js "^3.1.0"
      opts ">= 1.2.0"
      ws "^6.2.1"
  
  local-access@^1.0.1:
    version "1.1.0"
    resolved "https://registry.npmjs.org/local-access/-/local-access-1.1.0.tgz"
    integrity sha512-XfegD5pyTAfb+GY6chk283Ox5z8WexG56OvM06RWLpAc/UHozO8X6xAxEkIitZOtsSMM1Yr3DkHgW5W+onLhCw==
  
  lower-case@^2.0.2:
    version "2.0.2"
    resolved "https://registry.npmjs.org/lower-case/-/lower-case-2.0.2.tgz"
    integrity sha512-7fm3l3NAF9WfN6W3JOmf5drwpVqX78JtoGJ3A6W0a6ZnldM41w2fV5D490psKFTpMds8TJse/eHLFFsNHHjHgg==
    dependencies:
      tslib "^2.0.3"
  
  lru-cache@^6.0.0:
    version "6.0.0"
    resolved "https://registry.yarnpkg.com/lru-cache/-/lru-cache-6.0.0.tgz#6d6fe6570ebd96aaf90fcad1dafa3b2566db3a94"
    integrity sha512-Jo6dJ04CmSjuznwJSS3pUeWmd/H0ffTlkXXgwZi+eq1UCmqQwCh+eLsYOYCwY991i2Fah4h1BEMCx4qThGbsiA==
    dependencies:
      yallist "^4.0.0"
  
  magic-string@^0.25.7:
    version "0.25.7"
    resolved "https://registry.npmjs.org/magic-string/-/magic-string-0.25.7.tgz"
    integrity sha512-4CrMT5DOHTDk4HYDlzmwu4FVCcIYI8gauveasrdCu2IKIFOJ3f0v/8MDGJCDL9oD2ppz/Av1b0Nj345H9M+XIA==
    dependencies:
      sourcemap-codec "^1.4.4"
  
  merge-stream@^2.0.0:
    version "2.0.0"
    resolved "https://registry.npmjs.org/merge-stream/-/merge-stream-2.0.0.tgz"
    integrity sha512-abv/qOcuPfk3URPfDzmZU1LKmuw8kT+0nIHvKrKgFrwifol/doWcdA4ZqsWQ8ENrFKkd67Mfpo/LovbIUsbt3w==
  
  mime@^2.3.1:
    version "2.5.0"
    resolved "https://registry.npmjs.org/mime/-/mime-2.5.0.tgz"
    integrity sha512-ft3WayFSFUVBuJj7BMLKAQcSlItKtfjsKDDsii3rqFDAZ7t11zRe8ASw/GlmivGwVUYtwkQrxiGGpL6gFvB0ag==
  
  min-indent@^1.0.0:
    version "1.0.1"
    resolved "https://registry.npmjs.org/min-indent/-/min-indent-1.0.1.tgz"
    integrity sha512-I9jwMn07Sy/IwOj3zVkVik2JTvgpaykDZEigL6Rx6N9LbMywwUSMtxET+7lVoDLLd3O3IXwJwvuuns8UB/HeAg==
  
  minimatch@^3.0.4:
    version "3.0.4"
    resolved "https://registry.npmjs.org/minimatch/-/minimatch-3.0.4.tgz"
    integrity sha512-yJHVQEhyqPLUTgt9B83PXu6W3rx4MvvHvSUvToogpwoGDOUQ+yDrR0HRot+yOCdCO7u4hX3pWft6kWBBcqh0UA==
    dependencies:
      brace-expansion "^1.1.7"
  
  minimist@^1.2.5:
    version "1.2.5"
    resolved "https://registry.npmjs.org/minimist/-/minimist-1.2.5.tgz"
    integrity sha512-FM9nNUYrRBAELZQT3xeZQ7fmMOBg6nWNmJKTcgsJeaLstP/UODVpGsr5OhXhhXg6f+qtJ8uiZ+PUxkDWcgIXLw==
  
  moment@^2.10.2:
    version "2.29.1"
    resolved "https://registry.npmjs.org/moment/-/moment-2.29.1.tgz"
    integrity sha512-kHmoybcPV8Sqy59DwNDY3Jefr64lK/by/da0ViFcuA4DH0vQg5Q6Ze5VimxkfQNSC+Mls/Kx53s7TjP1RhFEDQ==
  
  mri@^1.1.0:
    version "1.1.6"
    resolved "https://registry.npmjs.org/mri/-/mri-1.1.6.tgz"
    integrity sha512-oi1b3MfbyGa7FJMP9GmLTttni5JoICpYBRlq+x5V16fZbLsnL9N3wFqqIm/nIG43FjUFkFh9Epzp/kzUGUnJxQ==
  
  no-case@^3.0.4:
    version "3.0.4"
    resolved "https://registry.npmjs.org/no-case/-/no-case-3.0.4.tgz"
    integrity sha512-fgAN3jGAh+RoxUGZHTSOLJIqUc2wmoBwGR4tbpNAKmmovFoWq0OdRkb0VkldReO2a2iBT/OEulG9XSUc10r3zg==
    dependencies:
      lower-case "^2.0.2"
      tslib "^2.0.3"
  
  node-fetch@^2.6.1:
    version "2.6.6"
    resolved "https://registry.yarnpkg.com/node-fetch/-/node-fetch-2.6.6.tgz#1751a7c01834e8e1697758732e9efb6eeadfaf89"
    integrity sha512-Z8/6vRlTUChSdIgMa51jxQ4lrw/Jy5SOW10ObaA47/RElsAN2c5Pn8bTgFGWn/ibwzXTE8qwr1Yzx28vsecXEA==
    dependencies:
      whatwg-url "^5.0.0"
  
  normalize-path@^3.0.0, normalize-path@~3.0.0:
    version "3.0.0"
    resolved "https://registry.npmjs.org/normalize-path/-/normalize-path-3.0.0.tgz"
    integrity sha512-6eZs5Ls3WtCisHWp9S2GUy8dqkpGi4BVSz3GaqiE6ezub0512ESztXUwUB6C6IKbQkY2Pnb/mD4WYojCRwcwLA==
  
  once@^1.3.0:
    version "1.4.0"
    resolved "https://registry.npmjs.org/once/-/once-1.4.0.tgz"
    integrity sha1-WDsap3WWHUsROsF9nFC6753Xa9E=
    dependencies:
      wrappy "1"
  
  "opts@>= 1.2.0":
    version "2.0.2"
    resolved "https://registry.npmjs.org/opts/-/opts-2.0.2.tgz"
    integrity sha512-k41FwbcLnlgnFh69f4qdUfvDQ+5vaSDnVPFI/y5XuhKRq97EnVVneO9F1ESVCdiVu4fCS2L8usX3mU331hB7pg==
  
  param-case@^3.0.4:
    version "3.0.4"
    resolved "https://registry.npmjs.org/param-case/-/param-case-3.0.4.tgz"
    integrity sha512-RXlj7zCYokReqWpOPH9oYivUzLYZ5vAPIfEmCTNViosC78F8F0H9y7T7gG2M39ymgutxF5gcFEsyZQSph9Bp3A==
    dependencies:
      dot-case "^3.0.4"
      tslib "^2.0.3"
  
  parent-module@^1.0.0:
    version "1.0.1"
    resolved "https://registry.npmjs.org/parent-module/-/parent-module-1.0.1.tgz"
    integrity sha512-GQ2EWRpQV8/o+Aw8YqtfZZPfNRWZYkbidE9k5rpl/hC3vtHHBfGm2Ifi6qWV+coDGkrUKZAxE3Lot5kcsRlh+g==
    dependencies:
      callsites "^3.0.0"
  
  pascal-case@^3.1.2:
    version "3.1.2"
    resolved "https://registry.npmjs.org/pascal-case/-/pascal-case-3.1.2.tgz"
    integrity sha512-uWlGT3YSnK9x3BQJaOdcZwrnV6hPpd8jFH1/ucpiLRPh/2zCVJKS19E4GvYHvaCcACn3foXZ0cLB9Wrx1KGe5g==
    dependencies:
      no-case "^3.0.4"
      tslib "^2.0.3"
  
  path-case@^3.0.4:
    version "3.0.4"
    resolved "https://registry.npmjs.org/path-case/-/path-case-3.0.4.tgz"
    integrity sha512-qO4qCFjXqVTrcbPt/hQfhTQ+VhFsqNKOPtytgNKkKxSoEp3XPUQ8ObFuePylOIok5gjn69ry8XiULxCwot3Wfg==
    dependencies:
      dot-case "^3.0.4"
      tslib "^2.0.3"
  
  path-is-absolute@^1.0.0:
    version "1.0.1"
    resolved "https://registry.npmjs.org/path-is-absolute/-/path-is-absolute-1.0.1.tgz"
    integrity sha1-F0uSaHNVNP+8es5r9TpanhtcX18=
  
  path-parse@^1.0.6:
    version "1.0.6"
    resolved "https://registry.npmjs.org/path-parse/-/path-parse-1.0.6.tgz"
    integrity sha512-GSmOT2EbHrINBf9SR7CDELwlJ8AENk3Qn7OikK4nFYAu3Ote2+JYNVvkpAEQm3/TLNEJFD/xZJjzyxg3KBWOzw==
  
  picomatch@^2.0.4, picomatch@^2.2.1, picomatch@^2.2.2:
    version "2.2.2"
    resolved "https://registry.npmjs.org/picomatch/-/picomatch-2.2.2.tgz"
    integrity sha512-q0M/9eZHzmr0AulXyPwNfZjtwZ/RBZlbN3K3CErVrk50T2ASYI7Bye0EvekFY3IP1Nt2DHu0re+V2ZHIpMkuWg==
  
  randombytes@^2.1.0:
    version "2.1.0"
    resolved "https://registry.npmjs.org/randombytes/-/randombytes-2.1.0.tgz"
    integrity sha512-vYl3iOX+4CKUWuxGi9Ukhie6fsqXqS9FE2Zaic4tNFD2N2QQaXOMFbuKK4QmDHC0JO6B1Zp41J0LpT0oR68amQ==
    dependencies:
      safe-buffer "^5.1.0"
  
  readdirp@~3.5.0:
    version "3.5.0"
    resolved "https://registry.npmjs.org/readdirp/-/readdirp-3.5.0.tgz"
    integrity sha512-cMhu7c/8rdhkHXWsY+osBhfSy0JikwpHK/5+imo+LpeasTF8ouErHrlYkwT0++njiyuDvc7OFY5T3ukvZ8qmFQ==
    dependencies:
      picomatch "^2.2.1"
  
  require-directory@^2.1.1:
    version "2.1.1"
    resolved "https://registry.yarnpkg.com/require-directory/-/require-directory-2.1.1.tgz#8c64ad5fd30dab1c976e2344ffe7f792a6a6df42"
    integrity sha1-jGStX9MNqxyXbiNE/+f3kqam30I=
  
  require-relative@^0.8.7:
    version "0.8.7"
    resolved "https://registry.npmjs.org/require-relative/-/require-relative-0.8.7.tgz"
    integrity sha1-eZlTn8ngR6N5KPoZb44VY9q9Nt4=
  
  resolve-from@^4.0.0:
    version "4.0.0"
    resolved "https://registry.npmjs.org/resolve-from/-/resolve-from-4.0.0.tgz"
    integrity sha512-pb/MYmXstAkysRFx8piNI1tGFNQIFA3vkE3Gq4EuA1dF6gHp/+vgZqsCGJapvy8N3Q+4o7FwvquPJcnZ7RYy4g==
  
  resolve@^1.1.10:
    version "1.20.0"
    resolved "https://registry.yarnpkg.com/resolve/-/resolve-1.20.0.tgz#629a013fb3f70755d6f0b7935cc1c2c5378b1975"
    integrity sha512-wENBPt4ySzg4ybFQW2TT1zMQucPK95HSh/nq2CFTZVOGut2+pQvSsgtda4d26YrYcr067wjbmzOG8byDPBX63A==
    dependencies:
      is-core-module "^2.2.0"
      path-parse "^1.0.6"
  
  resolve@^1.17.0:
    version "1.19.0"
    resolved "https://registry.npmjs.org/resolve/-/resolve-1.19.0.tgz"
    integrity sha512-rArEXAgsBG4UgRGcynxWIWKFvh/XZCcS8UJdHhwy91zwAvCZIbcs+vAbflgBnNjYMs/i/i+/Ux6IZhML1yPvxg==
    dependencies:
      is-core-module "^2.1.0"
      path-parse "^1.0.6"
  
  rollup-plugin-css-only@^3.0.0:
    version "3.1.0"
    resolved "https://registry.npmjs.org/rollup-plugin-css-only/-/rollup-plugin-css-only-3.1.0.tgz"
    integrity sha512-TYMOE5uoD76vpj+RTkQLzC9cQtbnJNktHPB507FzRWBVaofg7KhIqq1kGbcVOadARSozWF883Ho9KpSPKH8gqA==
    dependencies:
      "@rollup/pluginutils" "4"
  
  rollup-plugin-livereload@^2.0.0:
    version "2.0.0"
    resolved "https://registry.npmjs.org/rollup-plugin-livereload/-/rollup-plugin-livereload-2.0.0.tgz"
    integrity sha512-oC/8NqumGYuphkqrfszOHUUIwzKsaHBICw6QRwT5uD07gvePTS+HW+GFwu6f9K8W02CUuTvtIM9AWJrbj4wE1A==
    dependencies:
      livereload "^0.9.1"
  
  rollup-plugin-svelte@^7.0.0:
    version "7.1.0"
    resolved "https://registry.npmjs.org/rollup-plugin-svelte/-/rollup-plugin-svelte-7.1.0.tgz"
    integrity sha512-vopCUq3G+25sKjwF5VilIbiY6KCuMNHP1PFvx2Vr3REBNMDllKHFZN2B9jwwC+MqNc3UPKkjXnceLPEjTjXGXg==
    dependencies:
      require-relative "^0.8.7"
      rollup-pluginutils "^2.8.2"
  
  rollup-plugin-terser@^7.0.0:
    version "7.0.2"
    resolved "https://registry.npmjs.org/rollup-plugin-terser/-/rollup-plugin-terser-7.0.2.tgz"
    integrity sha512-w3iIaU4OxcF52UUXiZNsNeuXIMDvFrr+ZXK6bFZ0Q60qyVfq4uLptoS4bbq3paG3x216eQllFZX7zt6TIImguQ==
    dependencies:
      "@babel/code-frame" "^7.10.4"
      jest-worker "^26.2.1"
      serialize-javascript "^4.0.0"
      terser "^5.0.0"
  
  rollup-pluginutils@^2.8.2:
    version "2.8.2"
    resolved "https://registry.npmjs.org/rollup-pluginutils/-/rollup-pluginutils-2.8.2.tgz"
    integrity sha512-EEp9NhnUkwY8aif6bxgovPHMoMoNr2FulJziTndpt5H9RdwC47GSGuII9XxpSdzVGM0GWrNPHV6ie1LTNJPaLQ==
    dependencies:
      estree-walker "^0.6.1"
  
  rollup@^2.3.4:
    version "2.38.4"
    resolved "https://registry.npmjs.org/rollup/-/rollup-2.38.4.tgz"
    integrity sha512-B0LcJhjiwKkTl79aGVF/u5KdzsH8IylVfV56Ut6c9ouWLJcUK17T83aZBetNYSnZtXf2OHD4+2PbmRW+Fp5ulg==
    optionalDependencies:
      fsevents "~2.3.1"
  
  rw@1:
    version "1.3.3"
    resolved "https://registry.yarnpkg.com/rw/-/rw-1.3.3.tgz#3f862dfa91ab766b14885ef4d01124bfda074fb4"
    integrity sha1-P4Yt+pGrdmsUiF700BEkv9oHT7Q=
  
  sade@^1.6.0:
    version "1.7.4"
    resolved "https://registry.npmjs.org/sade/-/sade-1.7.4.tgz"
    integrity sha512-y5yauMD93rX840MwUJr7C1ysLFBgMspsdTo4UVrDg3fXDvtwOyIqykhVAAm6fk/3au77773itJStObgK+LKaiA==
    dependencies:
      mri "^1.1.0"
  
  safe-buffer@^5.1.0:
    version "5.2.1"
    resolved "https://registry.npmjs.org/safe-buffer/-/safe-buffer-5.2.1.tgz"
    integrity sha512-rp3So07KcdmmKbGvgaNxQSJr7bGVSVk5S9Eq1F+ppbRo70+YeaDxkw5Dd8NPN+GD6bjnYm2VuPuCXmpuYvmCXQ==
  
  "safer-buffer@>= 2.1.2 < 3":
    version "2.1.2"
    resolved "https://registry.yarnpkg.com/safer-buffer/-/safer-buffer-2.1.2.tgz#44fa161b0187b9549dd84bb91802f9bd8385cd6a"
    integrity sha512-YZo3K82SD7Riyi0E1EQPojLz7kpepnSQI9IyPbHHg1XXXevb5dJI7tpyN2ADxGcQbHG7vcyRHk0cbwqcQriUtg==
  
  semiver@^1.0.0:
    version "1.1.0"
    resolved "https://registry.npmjs.org/semiver/-/semiver-1.1.0.tgz"
    integrity sha512-QNI2ChmuioGC1/xjyYwyZYADILWyW6AmS1UH6gDj/SFUUUS4MBAWs/7mxnkRPc/F4iHezDP+O8t0dO8WHiEOdg==
  
  semver@^7.3.5:
    version "7.3.5"
    resolved "https://registry.yarnpkg.com/semver/-/semver-7.3.5.tgz#0b621c879348d8998e4b0e4be94b3f12e6018ef7"
    integrity sha512-PoeGJYh8HK4BTO/a9Tf6ZG3veo/A7ZVsYrSA6J8ny9nb3B1VrpkuN+z9OE5wfE5p6H4LchYZsegiQgbJD94ZFQ==
    dependencies:
      lru-cache "^6.0.0"
  
  sentence-case@^3.0.4:
    version "3.0.4"
    resolved "https://registry.npmjs.org/sentence-case/-/sentence-case-3.0.4.tgz"
    integrity sha512-8LS0JInaQMCRoQ7YUytAo/xUu5W2XnQxV2HI/6uM6U7CITS1RqPElr30V6uIqyMKM9lJGRVFy5/4CuzcixNYSg==
    dependencies:
      no-case "^3.0.4"
      tslib "^2.0.3"
      upper-case-first "^2.0.2"
  
  serialize-javascript@^4.0.0:
    version "4.0.0"
    resolved "https://registry.npmjs.org/serialize-javascript/-/serialize-javascript-4.0.0.tgz"
    integrity sha512-GaNA54380uFefWghODBWEGisLZFj00nS5ACs6yHa9nLqlLpVLO8ChDGeKRjZnV4Nh4n0Qi7nhYZD/9fCPzEqkw==
    dependencies:
      randombytes "^2.1.0"
  
  sirv-cli@^1.0.0:
    version "1.0.11"
    resolved "https://registry.npmjs.org/sirv-cli/-/sirv-cli-1.0.11.tgz"
    integrity sha512-L8NILoRSBd38VcfFcERYCaVCnWPBLo9G6u/a37UJ8Ysv4DfjizMbFBcM+SswNnndJienhR6qy8KFuAEaeL4g8Q==
    dependencies:
      console-clear "^1.1.0"
      get-port "^3.2.0"
      kleur "^3.0.0"
      local-access "^1.0.1"
      sade "^1.6.0"
      semiver "^1.0.0"
      sirv "^1.0.11"
      tinydate "^1.0.0"
  
  sirv@^1.0.11:
    version "1.0.11"
    resolved "https://registry.npmjs.org/sirv/-/sirv-1.0.11.tgz"
    integrity sha512-SR36i3/LSWja7AJNRBz4fF/Xjpn7lQFI30tZ434dIy+bitLYSP+ZEenHg36i23V2SGEz+kqjksg0uOGZ5LPiqg==
    dependencies:
      "@polka/url" "^1.0.0-next.9"
      mime "^2.3.1"
      totalist "^1.0.0"
  
  snake-case@^3.0.4:
    version "3.0.4"
    resolved "https://registry.npmjs.org/snake-case/-/snake-case-3.0.4.tgz"
    integrity sha512-LAOh4z89bGQvl9pFfNF8V146i7o7/CqFPbqzYgP+yYzDIDeS9HaNFtXABamRW+AQzEVODcvE79ljJ+8a9YSdMg==
    dependencies:
      dot-case "^3.0.4"
      tslib "^2.0.3"
  
  source-map-support@~0.5.19:
    version "0.5.19"
    resolved "https://registry.npmjs.org/source-map-support/-/source-map-support-0.5.19.tgz"
    integrity sha512-Wonm7zOCIJzBGQdB+thsPar0kYuCIzYvxZwlBa87yi/Mdjv7Tip2cyVbLj5o0cFPN4EVkuTwb3GDDyUx2DGnGw==
    dependencies:
      buffer-from "^1.0.0"
      source-map "^0.6.0"
  
  source-map@^0.6.0:
    version "0.6.1"
    resolved "https://registry.npmjs.org/source-map/-/source-map-0.6.1.tgz"
    integrity sha512-UjgapumWlbMhkBgzT7Ykc5YXUT46F0iKu8SGXq0bcwP5dz/h0Plj6enJqjz1Zbq2l5WaqYnrVbwWOWMyF3F47g==
  
  source-map@^0.7.3, source-map@~0.7.2:
    version "0.7.3"
    resolved "https://registry.npmjs.org/source-map/-/source-map-0.7.3.tgz"
    integrity sha512-CkCj6giN3S+n9qrYiBTX5gystlENnRW5jZeNLHpe6aue+SrHcG5VYwujhW9s4dY31mEGsxBDrHR6oI69fTXsaQ==
  
  sourcemap-codec@^1.4.4:
    version "1.4.8"
    resolved "https://registry.npmjs.org/sourcemap-codec/-/sourcemap-codec-1.4.8.tgz"
    integrity sha512-9NykojV5Uih4lgo5So5dtw+f0JgJX30KCNI8gwhz2J9A15wD0Ml6tjHKwf6fTSa6fAdVBdZeNOs9eJ71qCk8vA==
  
  string-width@^4.1.0, string-width@^4.2.0:
    version "4.2.3"
    resolved "https://registry.yarnpkg.com/string-width/-/string-width-4.2.3.tgz#269c7117d27b05ad2e536830a8ec895ef9c6d010"
    integrity sha512-wKyQRQpjJ0sIp62ErSZdGsjMJWsap5oRNihHhu6G7JVO/9jIB6UyevL+tXuOqrng8j/cxKTWyWUwvSTriiZz/g==
    dependencies:
      emoji-regex "^8.0.0"
      is-fullwidth-code-point "^3.0.0"
      strip-ansi "^6.0.1"
  
  strip-ansi@^6.0.0, strip-ansi@^6.0.1:
    version "6.0.1"
    resolved "https://registry.yarnpkg.com/strip-ansi/-/strip-ansi-6.0.1.tgz#9e26c63d30f53443e9489495b2105d37b67a85d9"
    integrity sha512-Y38VPSHcqkFrCpFnQ9vuSXmquuv5oXOKpGeT6aGrr3o3Gc9AlVa6JBfUSOCnbxGGZF+/0ooI7KrPuUSztUdU5A==
    dependencies:
      ansi-regex "^5.0.1"
  
  strip-indent@^3.0.0:
    version "3.0.0"
    resolved "https://registry.npmjs.org/strip-indent/-/strip-indent-3.0.0.tgz"
    integrity sha512-laJTa3Jb+VQpaC6DseHhF7dXVqHTfJPCRDaEbid/drOhgitgYku/letMUqOXFoWV0zIIUbjpdH2t+tYj4bQMRQ==
    dependencies:
      min-indent "^1.0.0"
  
  supports-color@^5.3.0:
    version "5.5.0"
    resolved "https://registry.npmjs.org/supports-color/-/supports-color-5.5.0.tgz"
    integrity sha512-QjVjwdXIt408MIiAqCX4oUKsgU2EqAGzs2Ppkm4aQYbjm+ZEWEcW4SfFNTr4uMNZma0ey4f5lgLrkB0aX0QMow==
    dependencies:
      has-flag "^3.0.0"
  
  supports-color@^7.0.0, supports-color@^7.1.0:
    version "7.2.0"
    resolved "https://registry.npmjs.org/supports-color/-/supports-color-7.2.0.tgz"
    integrity sha512-qpCAvRl9stuOHveKsn7HncJRvv501qIacKzQlO/+Lwxc9+0q2wLyv4Dfvt80/DPn2pqOBsJdDiogXGR9+OvwRw==
    dependencies:
      has-flag "^4.0.0"
  
  svelte-ace@1.0.10:
    version "1.0.10"
    resolved "https://registry.npmjs.org/svelte-ace/-/svelte-ace-1.0.10.tgz"
    integrity sha512-BzTr+gGvKm8EoBoKMS28PKWO0WqOWmrrupIIk/R1Gh34C0BCrEXMDNuc4zJzzatYcyxh/T3NIEL9MZdTGiRMQw==
    dependencies:
      brace "^0.11.1"
  
  svelte-check@^1.0.0:
    version "1.1.32"
    resolved "https://registry.npmjs.org/svelte-check/-/svelte-check-1.1.32.tgz"
    integrity sha512-tnG79CAz9F5kY8EYGeTfKNSN2OPbSQR/BVAFB60cFYa4P59Ti+6iGZ4gxNFm+dmzFSgZ5bjDq/AJneA0h7Pxow==
    dependencies:
      chalk "^4.0.0"
      chokidar "^3.4.1"
      glob "^7.1.6"
      import-fresh "^3.2.1"
      minimist "^1.2.5"
      source-map "^0.7.3"
      svelte-preprocess "^4.0.0"
      typescript "*"
  
  svelte-loading-spinners@^0.1.7:
    version "0.1.7"
    resolved "https://registry.yarnpkg.com/svelte-loading-spinners/-/svelte-loading-spinners-0.1.7.tgz#3fa6fa0ef67ab635773bf20b07d0b071debbadaa"
    integrity sha512-EKCId1DjVL2RSUVJJsvtNcqQHox03XIgh4xh/4p7r6ST7d8mut6INY9/LqK4A17PFU64+3quZmqiSfOlf480CA==
  
  svelte-preprocess@^4.0.0:
    version "4.6.5"
    resolved "https://registry.npmjs.org/svelte-preprocess/-/svelte-preprocess-4.6.5.tgz"
    integrity sha512-bVNq1seKfJlLKttWjhT55HBMz5WM8Ev5iidbu8qPD0B8+pHrsyg2QS2pZLQ6epU3GIKFfZzAlBQX+978GRHgkQ==
    dependencies:
      "@types/pug" "^2.0.4"
      "@types/sass" "^1.16.0"
      detect-indent "^6.0.0"
      strip-indent "^3.0.0"
  
  svelte@^3.0.0:
    version "3.32.1"
    resolved "https://registry.npmjs.org/svelte/-/svelte-3.32.1.tgz"
    integrity sha512-j1KmD2ZOU0RGq1/STDXjwfh0/eJ/Deh2NXyuz1bpR9eOcz9yImn4CGxXdbSAN7cMTm9a7IyPUIbuBCzu/pXK0g==
  
  terser@^5.0.0:
    version "5.5.1"
    resolved "https://registry.npmjs.org/terser/-/terser-5.5.1.tgz"
    integrity sha512-6VGWZNVP2KTUcltUQJ25TtNjx/XgdDsBDKGt8nN0MpydU36LmbPPcMBd2kmtZNNGVVDLg44k7GKeHHj+4zPIBQ==
    dependencies:
      commander "^2.20.0"
      source-map "~0.7.2"
      source-map-support "~0.5.19"
  
  tinro@^0.4.3:
    version "0.4.11"
    resolved "https://registry.npmjs.org/tinro/-/tinro-0.4.11.tgz"
    integrity sha512-ecl1ykWJKJ7FPcu1p/Z5xTPGYUAatbkbfo000zDzXTj4ThmQoklRUcBFo4784v+eOMJCPrsU9/Ehx3tdNlxsvA==
  
  tinydate@^1.0.0:
    version "1.3.0"
    resolved "https://registry.npmjs.org/tinydate/-/tinydate-1.3.0.tgz"
    integrity sha512-7cR8rLy2QhYHpsBDBVYnnWXm8uRTr38RoZakFSW7Bs7PzfMPNZthuMLkwqZv7MTu8lhQ91cOFYS5a7iFj2oR3w==
  
  to-regex-range@^5.0.1:
    version "5.0.1"
    resolved "https://registry.npmjs.org/to-regex-range/-/to-regex-range-5.0.1.tgz"
    integrity sha512-65P7iz6X5yEr1cwcgvQxbbIw7Uk3gOy5dIdtZ4rDveLqhrdJP+Li/Hx6tyK0NEb+2GCyneCMJiGqrADCSNk8sQ==
    dependencies:
      is-number "^7.0.0"
  
  toggle-selection@^1.0.6:
    version "1.0.6"
    resolved "https://registry.npmjs.org/toggle-selection/-/toggle-selection-1.0.6.tgz"
    integrity sha1-bkWxJj8gF/oKzH2J14sVuL932jI=
  
  topojson-client@^3.1.0:
    version "3.1.0"
    resolved "https://registry.yarnpkg.com/topojson-client/-/topojson-client-3.1.0.tgz#22e8b1ed08a2b922feeb4af6f53b6ef09a467b99"
    integrity sha512-605uxS6bcYxGXw9qi62XyrV6Q3xwbndjachmNxu8HWTtVPxZfEJN9fd/SZS1Q54Sn2y0TMyMxFj/cJINqGHrKw==
    dependencies:
      commander "2"
  
  totalist@^1.0.0:
    version "1.1.0"
    resolved "https://registry.npmjs.org/totalist/-/totalist-1.1.0.tgz"
    integrity sha512-gduQwd1rOdDMGxFG1gEvhV88Oirdo2p+KjoYFU7k2g+i7n6AFFbDQ5kMPUsW0pNbfQsB/cwXvT1i4Bue0s9g5g==
  
  tr46@~0.0.3:
    version "0.0.3"
    resolved "https://registry.yarnpkg.com/tr46/-/tr46-0.0.3.tgz#8184fd347dac9cdc185992f3a6622e14b9d9ab6a"
    integrity sha1-gYT9NH2snNwYWZLzpmIuFLnZq2o=
  
  tslib@^2.0.0, tslib@^2.0.3, tslib@^2.3.1, tslib@~2.3.1:
    version "2.3.1"
    resolved "https://registry.npmjs.org/tslib/-/tslib-2.3.1.tgz"
    integrity sha512-77EbyPPpMz+FRFRuAFlWMtmgUWGe9UOG2Z25NqCwiIjRhOf5iKGuzSe5P2w1laq+FkRy4p+PCuVkJSGkzTEKVw==
  
  typescript@*, typescript@^3.9.3:
    version "3.9.7"
    resolved "https://registry.npmjs.org/typescript/-/typescript-3.9.7.tgz"
    integrity sha512-BLbiRkiBzAwsjut4x/dsibSTB6yWpwT5qWmC2OfuCg3GgVQCSgMs4vEctYPhsaGtd0AeuuHMkjZ2h2WG8MSzRw==
  
  upper-case-first@^2.0.2:
    version "2.0.2"
    resolved "https://registry.npmjs.org/upper-case-first/-/upper-case-first-2.0.2.tgz"
    integrity sha512-514ppYHBaKwfJRK/pNC6c/OxfGa0obSnAl106u97Ed0I625Nin96KAjttZF6ZL3e1XLtphxnqrOi9iWgm+u+bg==
    dependencies:
      tslib "^2.0.3"
  
  upper-case@^2.0.2:
    version "2.0.2"
    resolved "https://registry.npmjs.org/upper-case/-/upper-case-2.0.2.tgz"
    integrity sha512-KgdgDGJt2TpuwBUIjgG6lzw2GWFRCW9Qkfkiv0DxqHHLYJHmtmdUIKcZd8rHgFSjopVTlw6ggzCm1b8MFQwikg==
    dependencies:
      tslib "^2.0.3"
  
  vega-canvas@^1.2.5:
    version "1.2.6"
    resolved "https://registry.yarnpkg.com/vega-canvas/-/vega-canvas-1.2.6.tgz#55e032ce9a62acd17229f6bac66d99db3d6879cd"
    integrity sha512-rgeYUpslYn/amIfnuv3Sw6n4BGns94OjjZNtUc9IDji6b+K8LGS/kW+Lvay8JX/oFqtulBp8RLcHN6QjqPLA9Q==
  
  vega-crossfilter@~4.0.5:
    version "4.0.5"
    resolved "https://registry.yarnpkg.com/vega-crossfilter/-/vega-crossfilter-4.0.5.tgz#cf6a5fca60821928f976b32f22cf66cfd9cbeeae"
    integrity sha512-yF+iyGP+ZxU7Tcj5yBsMfoUHTCebTALTXIkBNA99RKdaIHp1E690UaGVLZe6xde2n5WaYpho6I/I6wdAW3NXcg==
    dependencies:
      d3-array "^2.7.1"
      vega-dataflow "^5.7.3"
      vega-util "^1.15.2"
  
  vega-dataflow@^5.7.3, vega-dataflow@^5.7.4, vega-dataflow@~5.7.4:
    version "5.7.4"
    resolved "https://registry.yarnpkg.com/vega-dataflow/-/vega-dataflow-5.7.4.tgz#7cafc0a41b9d0b11dd2e34a513f8b7ca345dfd74"
    integrity sha512-JGHTpUo8XGETH3b1V892we6hdjzCWB977ybycIu8DPqRoyrZuj6t1fCVImazfMgQD1LAfJlQybWP+alwKDpKig==
    dependencies:
      vega-format "^1.0.4"
      vega-loader "^4.3.2"
      vega-util "^1.16.1"
  
  vega-embed@^6.20.5:
    version "6.20.5"
    resolved "https://registry.yarnpkg.com/vega-embed/-/vega-embed-6.20.5.tgz#c92a6ecf754f1c13c6b7860b945b1e50cfc29259"
    integrity sha512-WmKzYPVUw6x+I2ucoeHySoWWqWO/oBvBGiDq+79hN1vvHc0g7QkDtRpfndSxkDWoagSTkuYTXSb9r1THrj/kfw==
    dependencies:
      fast-json-patch "^3.1.0"
      json-stringify-pretty-compact "^3.0.0"
      semver "^7.3.5"
      tslib "^2.3.1"
      vega-interpreter "^1.0.4"
      vega-schema-url-parser "^2.2.0"
      vega-themes "^2.10.0"
      vega-tooltip "^0.27.0"
  
  vega-encode@~4.8.3:
    version "4.8.3"
    resolved "https://registry.yarnpkg.com/vega-encode/-/vega-encode-4.8.3.tgz#b3048fb39845d72f18d8dc302ad697f826e0ff83"
    integrity sha512-JoRYtaV2Hs8spWLzTu/IjR7J9jqRmuIOEicAaWj6T9NSZrNWQzu2zF3IVsX85WnrIDIRUDaehXaFZvy9uv9RQg==
    dependencies:
      d3-array "^2.7.1"
      d3-interpolate "^2.0.1"
      vega-dataflow "^5.7.3"
      vega-scale "^7.0.3"
      vega-util "^1.15.2"
  
  vega-event-selector@^3.0.0, vega-event-selector@~3.0.0:
    version "3.0.0"
    resolved "https://registry.yarnpkg.com/vega-event-selector/-/vega-event-selector-3.0.0.tgz#7b855ac0c3ddb59bc5b5caa0d96dbbc9fbd33a4c"
    integrity sha512-Gls93/+7tEJGE3kUuUnxrBIxtvaNeF01VIFB2Q2Of2hBIBvtHX74jcAdDtkh5UhhoYGD8Q1J30P5cqEBEwtPoQ==
  
  vega-expression@^5.0.0, vega-expression@~5.0.0:
    version "5.0.0"
    resolved "https://registry.yarnpkg.com/vega-expression/-/vega-expression-5.0.0.tgz#938f26689693a1e0d26716030cdaed43ca7abdfb"
    integrity sha512-y5+c2frq0tGwJ7vYXzZcfVcIRF/QGfhf2e+bV1Z0iQs+M2lI1II1GPDdmOcMKimpoCVp/D61KUJDIGE1DSmk2w==
    dependencies:
      "@types/estree" "^0.0.50"
      vega-util "^1.16.0"
  
  vega-force@~4.0.7:
    version "4.0.7"
    resolved "https://registry.yarnpkg.com/vega-force/-/vega-force-4.0.7.tgz#6dc39ecb7889d9102661244d62fbc8d8714162ee"
    integrity sha512-pyLKdwXSZ9C1dVIqdJOobvBY29rLvZjvRRTla9BU/nMwAiAGlGi6WKUFdRGdneyGe3zo2nSZDTZlZM/Z5VaQNA==
    dependencies:
      d3-force "^2.1.1"
      vega-dataflow "^5.7.3"
      vega-util "^1.15.2"
  
  vega-format@^1.0.4, vega-format@~1.0.4:
    version "1.0.4"
    resolved "https://registry.yarnpkg.com/vega-format/-/vega-format-1.0.4.tgz#40c0c252d11128738b845ee73d8173f8064d6626"
    integrity sha512-oTAeub3KWm6nKhXoYCx1q9G3K43R6/pDMXvqDlTSUtjoY7b/Gixm8iLcir5S9bPjvH40n4AcbZsPmNfL/Up77A==
    dependencies:
      d3-array "^2.7.1"
      d3-format "^2.0.0"
      d3-time-format "^3.0.0"
      vega-time "^2.0.3"
      vega-util "^1.15.2"
  
  vega-functions@^5.10.0, vega-functions@^5.12.1, vega-functions@~5.12.1:
    version "5.12.1"
    resolved "https://registry.yarnpkg.com/vega-functions/-/vega-functions-5.12.1.tgz#b69f9ad4cd9f777dbc942587c02261b2f4cdba2c"
    integrity sha512-7cHfcjXOj27qEbh2FTzWDl7FJK4xGcMFF7+oiyqa0fp7BU/wNT5YdNV0t5kCX9WjV7mfJWACKV74usLJbyM6GA==
    dependencies:
      d3-array "^2.7.1"
      d3-color "^2.0.0"
      d3-geo "^2.0.1"
      vega-dataflow "^5.7.3"
      vega-expression "^5.0.0"
      vega-scale "^7.1.1"
      vega-scenegraph "^4.9.3"
      vega-selections "^5.3.1"
      vega-statistics "^1.7.9"
      vega-time "^2.0.4"
      vega-util "^1.16.0"
  
  vega-geo@~4.3.8:
    version "4.3.8"
    resolved "https://registry.yarnpkg.com/vega-geo/-/vega-geo-4.3.8.tgz#5629d18327bb4f3700cdf05db4aced0a43abbf4a"
    integrity sha512-fsGxV96Q/QRgPqOPtMBZdI+DneIiROKTG3YDZvGn0EdV16OG5LzFhbNgLT5GPzI+kTwgLpAsucBHklexlB4kfg==
    dependencies:
      d3-array "^2.7.1"
      d3-color "^2.0.0"
      d3-geo "^2.0.1"
      vega-canvas "^1.2.5"
      vega-dataflow "^5.7.3"
      vega-projection "^1.4.5"
      vega-statistics "^1.7.9"
      vega-util "^1.15.2"
  
  vega-hierarchy@~4.0.9:
    version "4.0.9"
    resolved "https://registry.yarnpkg.com/vega-hierarchy/-/vega-hierarchy-4.0.9.tgz#4b4bafbc181a14a280ecdbee8874c0db7e369f47"
    integrity sha512-4XaWK6V38/QOZ+vllKKTafiwL25m8Kd+ebHmDV+Q236ONHmqc/gv82wwn9nBeXPEfPv4FyJw2SRoqa2Jol6fug==
    dependencies:
      d3-hierarchy "^2.0.0"
      vega-dataflow "^5.7.3"
      vega-util "^1.15.2"
  
  vega-interpreter@^1.0.4:
    version "1.0.4"
    resolved "https://registry.yarnpkg.com/vega-interpreter/-/vega-interpreter-1.0.4.tgz#291ebf85bc2d1c3550a3da22ff75b3ba0d326a39"
    integrity sha512-6tpYIa/pJz0cZo5fSxDSkZkAA51pID2LjOtQkOQvbzn+sJiCaWKPFhur8MBqbcmYZ9bnap1OYNwlrvpd2qBLvg==
  
  vega-label@~1.1.0:
    version "1.1.0"
    resolved "https://registry.yarnpkg.com/vega-label/-/vega-label-1.1.0.tgz#0a11ae3ba18d7aed909c51ec67c2a9dde4426c6f"
    integrity sha512-LAThIiDEsZxYvbSkvPLJ93eJF+Ts8RXv1IpBh8gmew8XGmaLJvVkzdsMe7WJJwuaVEsK7ZZFyB/Inkp842GW6w==
    dependencies:
      vega-canvas "^1.2.5"
      vega-dataflow "^5.7.3"
      vega-scenegraph "^4.9.2"
      vega-util "^1.15.2"
  
  vega-lite@^5.2.0:
    version "5.2.0"
    resolved "https://registry.yarnpkg.com/vega-lite/-/vega-lite-5.2.0.tgz#bc3c5c70a38d9de8f3fb9644c7dd52f3b9f47a1b"
    integrity sha512-Yxcg8MvYfxHcG6BbkaKT0oVCIMIcE19UvqIsEwBmyd/7h2nzW7oRnID81T8UrY7hpDrIr6wa2JADOT2dhGNErw==
    dependencies:
      "@types/clone" "~2.1.1"
      array-flat-polyfill "^1.0.1"
      clone "~2.1.2"
      fast-deep-equal "~3.1.3"
      fast-json-stable-stringify "~2.1.0"
      json-stringify-pretty-compact "~3.0.0"
      tslib "~2.3.1"
      vega-event-selector "~3.0.0"
      vega-expression "~5.0.0"
      vega-util "~1.17.0"
      yargs "~17.2.1"
  
  vega-loader@^4.3.2, vega-loader@^4.3.3, vega-loader@~4.4.1:
    version "4.4.1"
    resolved "https://registry.yarnpkg.com/vega-loader/-/vega-loader-4.4.1.tgz#8f9de46202f33659d1a2737f6e322a9fc3364275"
    integrity sha512-dj65i4qlNhK0mOmjuchHgUrF5YUaWrYpx0A8kXA68lBk5Hkx8FNRztkcl07CZJ1+8V81ymEyJii9jzGbhEX0ag==
    dependencies:
      d3-dsv "^2.0.0"
      node-fetch "^2.6.1"
      topojson-client "^3.1.0"
      vega-format "^1.0.4"
      vega-util "^1.16.0"
  
  vega-parser@~6.1.4:
    version "6.1.4"
    resolved "https://registry.yarnpkg.com/vega-parser/-/vega-parser-6.1.4.tgz#4868e41af2c9645b6d7daeeb205cfad06b9d465c"
    integrity sha512-tORdpWXiH/kkXcpNdbSVEvtaxBuuDtgYp9rBunVW9oLsjFvFXbSWlM1wvJ9ZFSaTfx6CqyTyGMiJemmr1QnTjQ==
    dependencies:
      vega-dataflow "^5.7.3"
      vega-event-selector "^3.0.0"
      vega-functions "^5.12.1"
      vega-scale "^7.1.1"
      vega-util "^1.16.0"
  
  vega-projection@^1.4.5, vega-projection@~1.4.5:
    version "1.4.5"
    resolved "https://registry.yarnpkg.com/vega-projection/-/vega-projection-1.4.5.tgz#020cb646b4eaae535359da25f4f48eef8d324af2"
    integrity sha512-85kWcPv0zrrNfxescqHtSYpRknilrS0K3CVRZc7IYQxnLtL1oma9WEbrSr1LCmDoCP5hl2Z1kKbomPXkrQX5Ag==
    dependencies:
      d3-geo "^2.0.1"
      d3-geo-projection "^3.0.0"
  
  vega-regression@~1.0.9:
    version "1.0.9"
    resolved "https://registry.yarnpkg.com/vega-regression/-/vega-regression-1.0.9.tgz#f33da47fe457e03ad134782c11414bcef7b1da82"
    integrity sha512-KSr3QbCF0vJEAWFVY2MA9X786oiJncTTr3gqRMPoaLr/Yo3f7OPKXRoUcw36RiWa0WCOEMgTYtM28iK6ZuSgaA==
    dependencies:
      d3-array "^2.7.1"
      vega-dataflow "^5.7.3"
      vega-statistics "^1.7.9"
      vega-util "^1.15.2"
  
  vega-runtime@^6.1.3, vega-runtime@~6.1.3:
    version "6.1.3"
    resolved "https://registry.yarnpkg.com/vega-runtime/-/vega-runtime-6.1.3.tgz#01e18246f7a80cee034a96017ac30113b92c4034"
    integrity sha512-gE+sO2IfxMUpV0RkFeQVnHdmPy3K7LjHakISZgUGsDI/ZFs9y+HhBf8KTGSL5pcZPtQsZh3GBQ0UonqL1mp9PA==
    dependencies:
      vega-dataflow "^5.7.3"
      vega-util "^1.15.2"
  
  vega-scale@^7.0.3, vega-scale@^7.1.1, vega-scale@~7.1.1:
    version "7.1.1"
    resolved "https://registry.yarnpkg.com/vega-scale/-/vega-scale-7.1.1.tgz#b69a38d1980f6fc1093390f796e556be63fdc808"
    integrity sha512-yE0to0prA9E5PBJ/XP77TO0BMkzyUVyt7TH5PAwj+CZT7PMsMO6ozihelRhoIiVcP0Ae/ByCEQBUQkzN5zJ0ZA==
    dependencies:
      d3-array "^2.7.1"
      d3-interpolate "^2.0.1"
      d3-scale "^3.2.2"
      vega-time "^2.0.4"
      vega-util "^1.15.2"
  
  vega-scenegraph@^4.9.2, vega-scenegraph@^4.9.3, vega-scenegraph@^4.9.4, vega-scenegraph@~4.9.4:
    version "4.9.4"
    resolved "https://registry.yarnpkg.com/vega-scenegraph/-/vega-scenegraph-4.9.4.tgz#468408c1e89703fa9d3450445daabff623de2757"
    integrity sha512-QaegQzbFE2yhYLNWAmHwAuguW3yTtQrmwvfxYT8tk0g+KKodrQ5WSmNrphWXhqwtsgVSvtdZkfp2IPeumcOQJg==
    dependencies:
      d3-path "^2.0.0"
      d3-shape "^2.0.0"
      vega-canvas "^1.2.5"
      vega-loader "^4.3.3"
      vega-scale "^7.1.1"
      vega-util "^1.15.2"
  
  vega-schema-url-parser@^2.2.0:
    version "2.2.0"
    resolved "https://registry.yarnpkg.com/vega-schema-url-parser/-/vega-schema-url-parser-2.2.0.tgz#a0d1e02915adfbfcb1fd517c8c2ebe2419985c1e"
    integrity sha512-yAtdBnfYOhECv9YC70H2gEiqfIbVkq09aaE4y/9V/ovEFmH9gPKaEgzIZqgT7PSPQjKhsNkb6jk6XvSoboxOBw==
  
  vega-selections@^5.3.1:
    version "5.3.1"
    resolved "https://registry.yarnpkg.com/vega-selections/-/vega-selections-5.3.1.tgz#af5c3cc6532a55a5b692eb0fcc2a1d8d521605a4"
    integrity sha512-cm4Srw1WHjcLGXX7GpxiUlfESv8XPu5b6Vh3mqMDPU94P2FO91SR9gei+EtRdt+KCFgIjr//MnRUjg/hAWwjkQ==
    dependencies:
      vega-expression "^5.0.0"
      vega-util "^1.16.0"
  
  vega-statistics@^1.7.9, vega-statistics@~1.7.10:
    version "1.7.10"
    resolved "https://registry.yarnpkg.com/vega-statistics/-/vega-statistics-1.7.10.tgz#4353637402e5e96bff2ebd16bd58e2c15cac3018"
    integrity sha512-QLb12gcfpDZ9K5h3TLGrlz4UXDH9wSPyg9LLfOJZacxvvJEPohacUQNrGEAVtFO9ccUCerRfH9cs25ZtHsOZrw==
    dependencies:
      d3-array "^2.7.1"
  
  vega-themes@^2.10.0:
    version "2.10.0"
    resolved "https://registry.yarnpkg.com/vega-themes/-/vega-themes-2.10.0.tgz#82768b14686e3fbfbdab0e77cb63e12c62b4911e"
    integrity sha512-prePRUKFUFGWniuZsJOfkdb+27Gwrrm82yAlVuU+912kcknsx1DVmMSg2yF79f4jdtqnAFIGycZgxoj13SEIuQ==
  
  vega-time@^2.0.3, vega-time@^2.0.4, vega-time@~2.0.4:
    version "2.0.4"
    resolved "https://registry.yarnpkg.com/vega-time/-/vega-time-2.0.4.tgz#ff308358a831de927caa44e281cdc96f0863ba08"
    integrity sha512-U314UDR9+ZlWrD3KBaeH+j/c2WSMdvcZq5yJfFT0yTg1jsBKAQBYFGvl+orackD8Zx3FveHOxx3XAObaQeDX+Q==
    dependencies:
      d3-array "^2.7.1"
      d3-time "^2.0.0"
      vega-util "^1.15.2"
  
  vega-tooltip@^0.27.0:
    version "0.27.0"
    resolved "https://registry.yarnpkg.com/vega-tooltip/-/vega-tooltip-0.27.0.tgz#e03c150cdec78f68938a0dab5ef67a24e6d685da"
    integrity sha512-FRcHNfMNo9D/7an5nZuP6JC2JGEsc85qcGjyMU7VlPpjQj9eBj1P+sZSNbb54Z20g7inVSBRyd8qgNn5EYTxJA==
    dependencies:
      vega-util "^1.16.0"
  
  vega-transforms@~4.9.4:
    version "4.9.4"
    resolved "https://registry.yarnpkg.com/vega-transforms/-/vega-transforms-4.9.4.tgz#5cf6b91bda9f184bbbaba63838be8e5e6a571235"
    integrity sha512-JGBhm5Bf6fiGTUSB5Qr5ckw/KU9FJcSV5xIe/y4IobM/i/KNwI1i1fP45LzP4F4yZc0DMTwJod2UvFHGk9plKA==
    dependencies:
      d3-array "^2.7.1"
      vega-dataflow "^5.7.4"
      vega-statistics "^1.7.9"
      vega-time "^2.0.4"
      vega-util "^1.16.1"
  
  vega-typings@~0.22.0:
    version "0.22.1"
    resolved "https://registry.yarnpkg.com/vega-typings/-/vega-typings-0.22.1.tgz#287c646cfa93b1822d0fb6ea11d5543632f8b56e"
    integrity sha512-88cIrjmoTxo/0nWTf+GuitkFhirHWVWCfymADiCUXt6s9arpQ6XPP5xjrN5KDc0LZd9xr7p4FIiEgADghgLTgw==
    dependencies:
      vega-event-selector "^3.0.0"
      vega-expression "^5.0.0"
      vega-util "^1.15.2"
  
  vega-util@^1.15.2, vega-util@^1.16.0, vega-util@^1.16.1, vega-util@~1.17.0:
    version "1.17.0"
    resolved "https://registry.yarnpkg.com/vega-util/-/vega-util-1.17.0.tgz#b72ae0baa97f943bf591f8f5bb27ceadf06834ac"
    integrity sha512-HTaydZd9De3yf+8jH66zL4dXJ1d1p5OIFyoBzFiOli4IJbwkL1jrefCKz6AHDm1kYBzDJ0X4bN+CzZSCTvNk1w==
  
  vega-view-transforms@~4.5.8:
    version "4.5.8"
    resolved "https://registry.yarnpkg.com/vega-view-transforms/-/vega-view-transforms-4.5.8.tgz#c8dc42c3c7d4aa725d40b8775180c9f23bc98f4e"
    integrity sha512-966m7zbzvItBL8rwmF2nKG14rBp7q+3sLCKWeMSUrxoG+M15Smg5gWEGgwTG3A/RwzrZ7rDX5M1sRaAngRH25g==
    dependencies:
      vega-dataflow "^5.7.3"
      vega-scenegraph "^4.9.2"
      vega-util "^1.15.2"
  
  vega-view@~5.10.1:
    version "5.10.1"
    resolved "https://registry.yarnpkg.com/vega-view/-/vega-view-5.10.1.tgz#b69348bb32a9845a1bd341fdd946df98684fadc3"
    integrity sha512-4xvQ5KZcgKdZx1Z7jjenCUumvlyr/j4XcHLRf9gyeFrFvvS596dVpL92V8twhV6O++DmS2+fj+rHagO8Di4nMg==
    dependencies:
      d3-array "^2.7.1"
      d3-timer "^2.0.0"
      vega-dataflow "^5.7.3"
      vega-format "^1.0.4"
      vega-functions "^5.10.0"
      vega-runtime "^6.1.3"
      vega-scenegraph "^4.9.4"
      vega-util "^1.16.1"
  
  vega-voronoi@~4.1.5:
    version "4.1.5"
    resolved "https://registry.yarnpkg.com/vega-voronoi/-/vega-voronoi-4.1.5.tgz#e7af574d4c27fd9cb12d70082f12c6f59b80b445"
    integrity sha512-950IkgCFLj0zG33EWLAm1hZcp+FMqWcNQliMYt+MJzOD5S4MSpZpZ7K4wp2M1Jktjw/CLKFL9n38JCI0i3UonA==
    dependencies:
      d3-delaunay "^5.3.0"
      vega-dataflow "^5.7.3"
      vega-util "^1.15.2"
  
  vega-wordcloud@~4.1.3:
    version "4.1.3"
    resolved "https://registry.yarnpkg.com/vega-wordcloud/-/vega-wordcloud-4.1.3.tgz#ce90900333f4e0d3ee706ba4f36bb0905f8b4a9f"
    integrity sha512-is4zYn9FMAyp9T4SAcz2P/U/wqc0Lx3P5YtpWKCbOH02a05vHjUQrQ2TTPOuvmMfAEDCSKvbMSQIJMOE018lJA==
    dependencies:
      vega-canvas "^1.2.5"
      vega-dataflow "^5.7.3"
      vega-scale "^7.1.1"
      vega-statistics "^1.7.9"
      vega-util "^1.15.2"
  
  vega@^5.21.0:
    version "5.21.0"
    resolved "https://registry.yarnpkg.com/vega/-/vega-5.21.0.tgz#f3d858d7544bfe4ffa3d8cd43d9ea978bf7391e8"
    integrity sha512-yqqRa9nAqYoAxe7sVhRpsh0b001fly7Yx05klPkXmrvzjxXd07gClW1mOuGgSnVQqo7jTp/LYgbO1bD37FbEig==
    dependencies:
      vega-crossfilter "~4.0.5"
      vega-dataflow "~5.7.4"
      vega-encode "~4.8.3"
      vega-event-selector "~3.0.0"
      vega-expression "~5.0.0"
      vega-force "~4.0.7"
      vega-format "~1.0.4"
      vega-functions "~5.12.1"
      vega-geo "~4.3.8"
      vega-hierarchy "~4.0.9"
      vega-label "~1.1.0"
      vega-loader "~4.4.1"
      vega-parser "~6.1.4"
      vega-projection "~1.4.5"
      vega-regression "~1.0.9"
      vega-runtime "~6.1.3"
      vega-scale "~7.1.1"
      vega-scenegraph "~4.9.4"
      vega-statistics "~1.7.10"
      vega-time "~2.0.4"
      vega-transforms "~4.9.4"
      vega-typings "~0.22.0"
      vega-util "~1.17.0"
      vega-view "~5.10.1"
      vega-view-transforms "~4.5.8"
      vega-voronoi "~4.1.5"
      vega-wordcloud "~4.1.3"
  
  webidl-conversions@^3.0.0:
    version "3.0.1"
    resolved "https://registry.yarnpkg.com/webidl-conversions/-/webidl-conversions-3.0.1.tgz#24534275e2a7bc6be7bc86611cc16ae0a5654871"
    integrity sha1-JFNCdeKnvGvnvIZhHMFq4KVlSHE=
  
  whatwg-url@^5.0.0:
    version "5.0.0"
    resolved "https://registry.yarnpkg.com/whatwg-url/-/whatwg-url-5.0.0.tgz#966454e8765462e37644d3626f6742ce8b70965d"
    integrity sha1-lmRU6HZUYuN2RNNib2dCzotwll0=
    dependencies:
      tr46 "~0.0.3"
      webidl-conversions "^3.0.0"
  
  wrap-ansi@^7.0.0:
    version "7.0.0"
    resolved "https://registry.yarnpkg.com/wrap-ansi/-/wrap-ansi-7.0.0.tgz#67e145cff510a6a6984bdf1152911d69d2eb9e43"
    integrity sha512-YVGIj2kamLSTxw6NsZjoBxfSwsn0ycdesmc4p+Q21c5zPuZ1pl+NfxVdxPtdHvmNVOQ6XSYG4AUtyt/Fi7D16Q==
    dependencies:
      ansi-styles "^4.0.0"
      string-width "^4.1.0"
      strip-ansi "^6.0.0"
  
  wrappy@1:
    version "1.0.2"
    resolved "https://registry.npmjs.org/wrappy/-/wrappy-1.0.2.tgz"
    integrity sha1-tSQ9jz7BqjXxNkYFvA0QNuMKtp8=
  
  ws@^6.2.1:
    version "6.2.1"
    resolved "https://registry.npmjs.org/ws/-/ws-6.2.1.tgz"
    integrity sha512-GIyAXC2cB7LjvpgMt9EKS2ldqr0MTrORaleiOno6TweZ6r3TKtoFQWay/2PceJ3RuBasOHzXNn5Lrw1X0bEjqA==
    dependencies:
      async-limiter "~1.0.0"
  
  y18n@^5.0.5:
    version "5.0.8"
    resolved "https://registry.yarnpkg.com/y18n/-/y18n-5.0.8.tgz#7f4934d0f7ca8c56f95314939ddcd2dd91ce1d55"
    integrity sha512-0pfFzegeDWJHJIAmTLRP2DwHjdF5s7jo9tuztdQxAhINCdvS+3nGINqPd00AphqJR/0LhANUS6/+7SCb98YOfA==
  
  yallist@^4.0.0:
    version "4.0.0"
    resolved "https://registry.yarnpkg.com/yallist/-/yallist-4.0.0.tgz#9bb92790d9c0effec63be73519e11a35019a3a72"
    integrity sha512-3wdGidZyq5PB084XLES5TpOSRA3wjXAlIWMhum2kRcv/41Sn2emQ0dycQW4uZXLejwKvg6EsvbdlVL+FYEct7A==
  
  yargs-parser@^20.2.2:
    version "20.2.9"
    resolved "https://registry.yarnpkg.com/yargs-parser/-/yargs-parser-20.2.9.tgz#2eb7dc3b0289718fc295f362753845c41a0c94ee"
    integrity sha512-y11nGElTIV+CT3Zv9t7VKl+Q3hTQoT9a1Qzezhhl6Rp21gJ/IVTW7Z3y9EWXhuUBC2Shnf+DX0antecpAwSP8w==
  
  yargs@~17.2.1:
    version "17.2.1"
    resolved "https://registry.yarnpkg.com/yargs/-/yargs-17.2.1.tgz#e2c95b9796a0e1f7f3bf4427863b42e0418191ea"
    integrity sha512-XfR8du6ua4K6uLGm5S6fA+FIJom/MdJcFNVY8geLlp2v8GYbOXD4EB1tPNZsRn4vBzKGMgb5DRZMeWuFc2GO8Q==
    dependencies:
      cliui "^7.0.2"
      escalade "^3.1.1"
      get-caller-file "^2.0.5"
      require-directory "^2.1.1"
      string-width "^4.2.0"
      y18n "^5.0.5"
      yargs-parser "^20.2.2"
